
/home.html|1/26/2021, 7:54:11 PM
/style.css|1/26/2021, 7:54:11 PM
/index1.js|1/26/2021, 7:54:11 PM
/log.js|1/26/2021, 7:54:11 PM
/neoland.svg|1/26/2021, 7:54:11 PM
/favicon.ico|1/26/2021, 7:54:11 PM
/|1/26/2021, 7:57:37 PM
/style.css|1/26/2021, 7:57:37 PM
/index1.js|1/26/2021, 7:57:37 PM
/log.js|1/26/2021, 7:57:37 PM
/neoland.svg|1/26/2021, 7:57:37 PM
/favicon.ico|1/26/2021, 7:57:37 PM
/home.html|1/26/2021, 7:57:42 PM
/style.css|1/26/2021, 7:57:42 PM
/index1.js|1/26/2021, 7:57:42 PM
/log.js|1/26/2021, 7:57:42 PM
/neoland.svg|1/26/2021, 7:57:42 PM
/favicon.ico|1/26/2021, 7:57:43 PM
/cursos.html|1/26/2021, 7:57:50 PM
/style.css|1/26/2021, 7:57:50 PM
/index1.js|1/26/2021, 7:57:50 PM
/log.js|1/26/2021, 7:57:50 PM
/neoland.svg|1/26/2021, 7:57:50 PM
/favicon.ico|1/26/2021, 7:57:50 PM
/cursos|1/26/2021, 7:57:55 PM
/style.css|1/26/2021, 7:57:55 PM
/index1.js|1/26/2021, 7:57:55 PM
/log.js|1/26/2021, 7:57:55 PM
/neoland.svg|1/26/2021, 7:57:55 PM
/favicon.ico|1/26/2021, 7:57:55 PM
/cursos|1/26/2021, 7:58:04 PM
/style.css|1/26/2021, 7:58:04 PM
/index1.js|1/26/2021, 7:58:04 PM
/log.js|1/26/2021, 7:58:04 PM
/neoland.svg|1/26/2021, 7:58:04 PM
/favicon.ico|1/26/2021, 7:58:04 PM
/cursos|1/26/2021, 7:59:10 PM
/|1/26/2021, 8:06:25 PM
/style.css|1/26/2021, 8:06:25 PM
/index1.js|1/26/2021, 8:06:25 PM
/log.js|1/26/2021, 8:06:25 PM
/neoland.svg|1/26/2021, 8:06:25 PM
/favicon.ico|1/26/2021, 8:06:26 PM
/cursos.html|1/26/2021, 8:06:27 PM
/style.css|1/26/2021, 8:06:27 PM
/index1.js|1/26/2021, 8:06:27 PM
/neoland.svg|1/26/2021, 8:06:27 PM
/favicon.ico|1/26/2021, 8:06:27 PM
/cursos|1/26/2021, 8:06:31 PM
/style.css|1/26/2021, 8:06:31 PM
/index1.js|1/26/2021, 8:06:31 PM
/log.js|1/26/2021, 8:06:31 PM
/neoland.svg|1/26/2021, 8:06:31 PM
/favicon.ico|1/26/2021, 8:06:31 PM
/|1/26/2021, 8:08:42 PM
/style.css|1/26/2021, 8:08:42 PM
/index1.js|1/26/2021, 8:08:42 PM
/log.js|1/26/2021, 8:08:42 PM
/neoland.svg|1/26/2021, 8:08:42 PM
/favicon.ico|1/26/2021, 8:08:42 PM
/cursos.html|1/26/2021, 8:08:44 PM
/style.css|1/26/2021, 8:08:44 PM
/index1.js|1/26/2021, 8:08:44 PM
/neoland.svg|1/26/2021, 8:08:44 PM
/favicon.ico|1/26/2021, 8:08:44 PM
/cursos|1/26/2021, 8:08:48 PM
/style.css|1/26/2021, 8:08:48 PM
/index1.js|1/26/2021, 8:08:48 PM
/neoland.svg|1/26/2021, 8:08:48 PM
/favicon.ico|1/26/2021, 8:08:48 PM
/empleo.html|1/26/2021, 8:08:56 PM
/style.css|1/26/2021, 8:08:56 PM
/index1.js|1/26/2021, 8:08:56 PM
/neoland.svg|1/26/2021, 8:08:56 PM
/favicon.ico|1/26/2021, 8:08:56 PM
/empresas|1/26/2021, 8:09:09 PM
/style.css|1/26/2021, 8:09:09 PM
/index1.js|1/26/2021, 8:09:09 PM
/neoland.svg|1/26/2021, 8:09:09 PM
/favicon.ico|1/26/2021, 8:09:09 PM
/style.css|1/26/2021, 8:10:55 PM
/empresas|1/26/2021, 8:11:32 PM
/style.css|1/26/2021, 8:11:32 PM
/index1.js|1/26/2021, 8:11:32 PM
/neoland.svg|1/26/2021, 8:11:32 PM
/favicon.ico|1/26/2021, 8:11:32 PM
/empresas|1/26/2021, 8:11:33 PM
/style.css|1/26/2021, 8:11:33 PM
/index1.js|1/26/2021, 8:11:33 PM
/neoland.svg|1/26/2021, 8:11:33 PM
/favicon.ico|1/26/2021, 8:11:33 PM
/style.css|1/26/2021, 8:11:34 PM
/|1/26/2021, 8:14:43 PM
/style.css|1/26/2021, 8:14:43 PM
/index1.js|1/26/2021, 8:14:43 PM
/log.js|1/26/2021, 8:14:43 PM
/neoland.svg|1/26/2021, 8:14:43 PM
/favicon.ico|1/26/2021, 8:14:43 PM
/cursos.html|1/26/2021, 8:14:46 PM
/style.css|1/26/2021, 8:14:47 PM
/index1.js|1/26/2021, 8:14:47 PM
/neoland.svg|1/26/2021, 8:14:47 PM
/favicon.ico|1/26/2021, 8:14:47 PM
/empleo.html|1/26/2021, 8:14:47 PM
/style.css|1/26/2021, 8:14:47 PM
/index1.js|1/26/2021, 8:14:47 PM
/neoland.svg|1/26/2021, 8:14:47 PM
/favicon.ico|1/26/2021, 8:14:47 PM
/empleo|1/26/2021, 8:14:51 PM
/style.css|1/26/2021, 8:14:51 PM
/index1.js|1/26/2021, 8:14:51 PM
/log.js|1/26/2021, 8:14:51 PM
/neoland.svg|1/26/2021, 8:14:51 PM
/favicon.ico|1/26/2021, 8:14:51 PM
/alumnos.html|1/26/2021, 8:14:53 PM
/style.css|1/26/2021, 8:14:53 PM
/index1.js|1/26/2021, 8:14:53 PM
/neoland.svg|1/26/2021, 8:14:53 PM
/favicon.ico|1/26/2021, 8:14:53 PM
/alumnos|1/26/2021, 8:14:56 PM
/style.css|1/26/2021, 8:14:56 PM
/index1.js|1/26/2021, 8:14:56 PM
/log.js|1/26/2021, 8:14:56 PM
/neoland.svg|1/26/2021, 8:14:56 PM
/favicon.ico|1/26/2021, 8:14:56 PM
/alumnos.html|1/26/2021, 8:15:57 PM
/style.css|1/26/2021, 8:16:41 PM
/index1.js|1/26/2021, 8:16:49 PM
/neoland.svg|1/26/2021, 8:16:51 PM
/|1/26/2021, 8:20:37 PM
/style.css|1/26/2021, 8:20:37 PM
/index1.js|1/26/2021, 8:20:37 PM
/log.js|1/26/2021, 8:20:37 PM
/neoland.svg|1/26/2021, 8:20:37 PM
/favicon.ico|1/26/2021, 8:20:37 PM
/cursos.html|1/26/2021, 8:20:39 PM
/style.css|1/26/2021, 8:20:39 PM
/index1.js|1/26/2021, 8:20:39 PM
/neoland.svg|1/26/2021, 8:20:39 PM
/favicon.ico|1/26/2021, 8:20:39 PM
/empleo.html|1/26/2021, 8:20:41 PM
/style.css|1/26/2021, 8:20:41 PM
/index1.js|1/26/2021, 8:20:41 PM
/neoland.svg|1/26/2021, 8:20:41 PM
/favicon.ico|1/26/2021, 8:20:41 PM
/alumnos.html|1/26/2021, 8:20:41 PM
/style.css|1/26/2021, 8:20:41 PM
/index1.js|1/26/2021, 8:20:41 PM
/neoland.svg|1/26/2021, 8:20:41 PM
/favicon.ico|1/26/2021, 8:20:41 PM
/empresas.html|1/26/2021, 8:20:42 PM
/style.css|1/26/2021, 8:20:42 PM
/index1.js|1/26/2021, 8:20:42 PM
/neoland.svg|1/26/2021, 8:20:42 PM
/favicon.ico|1/26/2021, 8:20:42 PM
/blog.html|1/26/2021, 8:20:44 PM
/style.css|1/26/2021, 8:20:44 PM
/index1.js|1/26/2021, 8:20:44 PM
/neoland.svg|1/26/2021, 8:20:44 PM
/favicon.ico|1/26/2021, 8:20:44 PM
/online.html|1/26/2021, 8:20:44 PM
/style.css|1/26/2021, 8:20:44 PM
/index1.js|1/26/2021, 8:20:44 PM
/neoland.svg|1/26/2021, 8:20:44 PM
/favicon.ico|1/26/2021, 8:20:44 PM
/contactar.html|1/26/2021, 8:20:48 PM
/style.css|1/26/2021, 8:20:49 PM
/index1.js|1/26/2021, 8:20:49 PM
/neoland.svg|1/26/2021, 8:20:49 PM
/favicon.ico|1/26/2021, 8:20:49 PM
/contactar.html|1/26/2021, 8:20:49 PM
/style.css|1/26/2021, 8:20:49 PM
/index1.js|1/26/2021, 8:20:49 PM
/neoland.svg|1/26/2021, 8:20:49 PM
/favicon.ico|1/26/2021, 8:20:49 PM
/contactar.html|1/26/2021, 8:20:49 PM
/style.css|1/26/2021, 8:20:49 PM
/index1.js|1/26/2021, 8:20:49 PM
/neoland.svg|1/26/2021, 8:20:49 PM
/favicon.ico|1/26/2021, 8:20:49 PM
/contactar.html|1/26/2021, 8:20:50 PM
/style.css|1/26/2021, 8:20:50 PM
/index1.js|1/26/2021, 8:20:50 PM
/neoland.svg|1/26/2021, 8:20:50 PM
/favicon.ico|1/26/2021, 8:20:50 PM
/online.html|1/26/2021, 8:20:50 PM
/style.css|1/26/2021, 8:20:50 PM
/index1.js|1/26/2021, 8:20:50 PM
/neoland.svg|1/26/2021, 8:20:50 PM
/favicon.ico|1/26/2021, 8:20:50 PM
/online|1/26/2021, 8:20:55 PM
/style.css|1/26/2021, 8:20:55 PM
/index1.js|1/26/2021, 8:20:55 PM
/neoland.svg|1/26/2021, 8:20:55 PM
/favicon.ico|1/26/2021, 8:20:55 PM
/empleo|1/26/2021, 8:21:00 PM
/style.css|1/26/2021, 8:21:00 PM
/index1.js|1/26/2021, 8:21:00 PM
/neoland.svg|1/26/2021, 8:21:00 PM
/favicon.ico|1/26/2021, 8:21:00 PM
/|1/26/2021, 8:21:52 PM
/style.css|1/26/2021, 8:21:52 PM
/index1.js|1/26/2021, 8:21:52 PM
/log.js|1/26/2021, 8:21:52 PM
/neoland.svg|1/26/2021, 8:21:52 PM
/favicon.ico|1/26/2021, 8:21:52 PM
/empleo|1/26/2021, 8:21:55 PM
/style.css|1/26/2021, 8:21:56 PM
/index1.js|1/26/2021, 8:21:56 PM
/neoland.svg|1/26/2021, 8:21:56 PM
/favicon.ico|1/26/2021, 8:21:56 PM
/|1/26/2021, 8:28:01 PM
/style.css|1/26/2021, 8:28:01 PM
/index1.js|1/26/2021, 8:28:01 PM
/log.js|1/26/2021, 8:28:01 PM
/neoland.svg|1/26/2021, 8:28:01 PM
/favicon.ico|1/26/2021, 8:28:01 PM
/home|1/26/2021, 8:28:03 PM
/style.css|1/26/2021, 8:28:03 PM
/index1.js|1/26/2021, 8:28:03 PM
/log.js|1/26/2021, 8:28:03 PM
/neoland.svg|1/26/2021, 8:28:03 PM
/favicon.ico|1/26/2021, 8:28:03 PM
/home|1/26/2021, 8:28:05 PM
/style.css|1/26/2021, 8:28:05 PM
/index1.js|1/26/2021, 8:28:05 PM
/log.js|1/26/2021, 8:28:05 PM
/neoland.svg|1/26/2021, 8:28:05 PM
/favicon.ico|1/26/2021, 8:28:05 PM
/cursos|1/26/2021, 8:28:06 PM
/index1.js|1/26/2021, 8:28:06 PM
/style.css|1/26/2021, 8:28:06 PM
/neoland.svg|1/26/2021, 8:28:06 PM
/favicon.ico|1/26/2021, 8:28:06 PM
/home.html|1/26/2021, 8:28:08 PM
/style.css|1/26/2021, 8:28:08 PM
/index1.js|1/26/2021, 8:28:08 PM
/log.js|1/26/2021, 8:28:08 PM
/neoland.svg|1/26/2021, 8:28:08 PM
/favicon.ico|1/26/2021, 8:28:08 PM
/empleo|1/26/2021, 8:28:11 PM
/style.css|1/26/2021, 8:28:11 PM
/index1.js|1/26/2021, 8:28:11 PM
/neoland.svg|1/26/2021, 8:28:11 PM
/favicon.ico|1/26/2021, 8:28:11 PM
/home.html|1/26/2021, 8:28:12 PM
/style.css|1/26/2021, 8:28:12 PM
/index1.js|1/26/2021, 8:28:12 PM
/log.js|1/26/2021, 8:28:12 PM
/neoland.svg|1/26/2021, 8:28:12 PM
/favicon.ico|1/26/2021, 8:28:12 PM
/alumnos|1/26/2021, 8:28:13 PM
/style.css|1/26/2021, 8:28:13 PM
/index1.js|1/26/2021, 8:28:13 PM
/neoland.svg|1/26/2021, 8:28:13 PM
/favicon.ico|1/26/2021, 8:28:13 PM
/home.html|1/26/2021, 8:28:14 PM
/style.css|1/26/2021, 8:28:14 PM
/index1.js|1/26/2021, 8:28:14 PM
/log.js|1/26/2021, 8:28:14 PM
/neoland.svg|1/26/2021, 8:28:14 PM
/favicon.ico|1/26/2021, 8:28:14 PM
/empresas|1/26/2021, 8:28:15 PM
/style.css|1/26/2021, 8:28:15 PM
/index1.js|1/26/2021, 8:28:15 PM
/neoland.svg|1/26/2021, 8:28:15 PM
/favicon.ico|1/26/2021, 8:28:15 PM
/home.html|1/26/2021, 8:28:16 PM
/style.css|1/26/2021, 8:28:16 PM
/index1.js|1/26/2021, 8:28:16 PM
/log.js|1/26/2021, 8:28:16 PM
/neoland.svg|1/26/2021, 8:28:16 PM
/favicon.ico|1/26/2021, 8:28:16 PM
/blog|1/26/2021, 8:28:18 PM
/style.css|1/26/2021, 8:28:18 PM
/index1.js|1/26/2021, 8:28:18 PM
/neoland.svg|1/26/2021, 8:28:18 PM
/favicon.ico|1/26/2021, 8:28:18 PM
/home.html|1/26/2021, 8:28:19 PM
/style.css|1/26/2021, 8:28:19 PM
/index1.js|1/26/2021, 8:28:19 PM
/log.js|1/26/2021, 8:28:19 PM
/neoland.svg|1/26/2021, 8:28:19 PM
/favicon.ico|1/26/2021, 8:28:19 PM
/home|1/26/2021, 8:28:20 PM
/style.css|1/26/2021, 8:28:20 PM
/index1.js|1/26/2021, 8:28:20 PM
/log.js|1/26/2021, 8:28:20 PM
/neoland.svg|1/26/2021, 8:28:20 PM
/favicon.ico|1/26/2021, 8:28:20 PM
/home|1/26/2021, 8:28:22 PM
/style.css|1/26/2021, 8:28:22 PM
/index1.js|1/26/2021, 8:28:22 PM
/log.js|1/26/2021, 8:28:22 PM
/neoland.svg|1/26/2021, 8:28:22 PM
/favicon.ico|1/26/2021, 8:28:22 PM
/|1/26/2021, 8:29:55 PM
/style.css|1/26/2021, 8:29:55 PM
/index1.js|1/26/2021, 8:29:55 PM
/log.js|1/26/2021, 8:29:55 PM
/neoland.svg|1/26/2021, 8:29:55 PM
/favicon.ico|1/26/2021, 8:29:55 PM
/home|1/26/2021, 8:29:58 PM
/style.css|1/26/2021, 8:29:58 PM
/index1.js|1/26/2021, 8:29:58 PM
/log.js|1/26/2021, 8:29:58 PM
/neoland.svg|1/26/2021, 8:29:58 PM
/favicon.ico|1/26/2021, 8:29:58 PM
/home|1/26/2021, 8:29:59 PM
/style.css|1/26/2021, 8:29:59 PM
/index1.js|1/26/2021, 8:29:59 PM
/log.js|1/26/2021, 8:29:59 PM
/neoland.svg|1/26/2021, 8:29:59 PM
/favicon.ico|1/26/2021, 8:29:59 PM
/empleo|1/26/2021, 8:30:00 PM
/style.css|1/26/2021, 8:30:00 PM
/index1.js|1/26/2021, 8:30:00 PM
/neoland.svg|1/26/2021, 8:30:00 PM
/favicon.ico|1/26/2021, 8:30:00 PM
/|1/26/2021, 8:35:07 PM
/style.css|1/26/2021, 8:35:07 PM
/index1.js|1/26/2021, 8:35:07 PM
/log.js|1/26/2021, 8:35:07 PM
/neoland.svg|1/26/2021, 8:35:07 PM
/favicon.ico|1/26/2021, 8:35:07 PM
/cursos|1/26/2021, 8:35:10 PM
/style.css|1/26/2021, 8:35:10 PM
/index1.js|1/26/2021, 8:35:10 PM
/neoland.svg|1/26/2021, 8:35:10 PM
/favicon.ico|1/26/2021, 8:35:10 PM
/empleo|1/26/2021, 8:35:12 PM
/style.css|1/26/2021, 8:35:12 PM
/index1.js|1/26/2021, 8:35:12 PM
/neoland.svg|1/26/2021, 8:35:12 PM
/favicon.ico|1/26/2021, 8:35:12 PM
/alumnos|1/26/2021, 8:35:12 PM
/style.css|1/26/2021, 8:35:12 PM
/index1.js|1/26/2021, 8:35:12 PM
/neoland.svg|1/26/2021, 8:35:12 PM
/favicon.ico|1/26/2021, 8:35:12 PM
/empresas|1/26/2021, 8:35:13 PM
/style.css|1/26/2021, 8:35:13 PM
/index1.js|1/26/2021, 8:35:13 PM
/neoland.svg|1/26/2021, 8:35:13 PM
/favicon.ico|1/26/2021, 8:35:13 PM
/blog|1/26/2021, 8:35:14 PM
/style.css|1/26/2021, 8:35:14 PM
/index1.js|1/26/2021, 8:35:14 PM
/neoland.svg|1/26/2021, 8:35:14 PM
/favicon.ico|1/26/2021, 8:35:14 PM
/online|1/26/2021, 8:35:16 PM
/style.css|1/26/2021, 8:35:16 PM
/index1.js|1/26/2021, 8:35:16 PM
/neoland.svg|1/26/2021, 8:35:16 PM
/favicon.ico|1/26/2021, 8:35:16 PM
/contactar|1/26/2021, 8:35:17 PM
/style.css|1/26/2021, 8:35:17 PM
/index1.js|1/26/2021, 8:35:17 PM
/neoland.svg|1/26/2021, 8:35:17 PM
/favicon.ico|1/26/2021, 8:35:17 PM
/online|1/26/2021, 8:35:19 PM
/style.css|1/26/2021, 8:35:19 PM
/index1.js|1/26/2021, 8:35:19 PM
/neoland.svg|1/26/2021, 8:35:19 PM
/favicon.ico|1/26/2021, 8:35:19 PM
/home|1/26/2021, 8:35:21 PM
/style.css|1/26/2021, 8:35:22 PM
/index1.js|1/26/2021, 8:35:22 PM
/log.js|1/26/2021, 8:35:22 PM
/neoland.svg|1/26/2021, 8:35:22 PM
/favicon.ico|1/26/2021, 8:35:22 PM
/home.html|1/26/2021, 8:35:26 PM
/style.css|1/26/2021, 8:35:26 PM
/index1.js|1/26/2021, 8:35:26 PM
/log.js|1/26/2021, 8:35:26 PM
/neoland.svg|1/26/2021, 8:35:26 PM
/favicon.ico|1/26/2021, 8:35:26 PM
/alumnos.html|1/26/2021, 8:35:31 PM
/style.css|1/26/2021, 8:35:31 PM
/index1.js|1/26/2021, 8:35:31 PM
/neoland.svg|1/26/2021, 8:35:31 PM
/favicon.ico|1/26/2021, 8:35:31 PM
/|1/27/2021, 7:09:57 PM
/style.css|1/27/2021, 7:09:57 PM
/index1.js|1/27/2021, 7:09:57 PM
/log.js|1/27/2021, 7:09:57 PM
/neoland.svg|1/27/2021, 7:09:57 PM
/favicon.ico|1/27/2021, 7:09:57 PM
/cursos|1/27/2021, 7:09:59 PM
/style.css|1/27/2021, 7:09:59 PM
/index1.js|1/27/2021, 7:09:59 PM
/neoland.svg|1/27/2021, 7:09:59 PM
/favicon.ico|1/27/2021, 7:09:59 PM
/empleo|1/27/2021, 7:10:01 PM
/style.css|1/27/2021, 7:10:01 PM
/index1.js|1/27/2021, 7:10:01 PM
/neoland.svg|1/27/2021, 7:10:01 PM
/favicon.ico|1/27/2021, 7:10:01 PM
/alumnos|1/27/2021, 7:10:02 PM
/style.css|1/27/2021, 7:10:02 PM
/index1.js|1/27/2021, 7:10:02 PM
/neoland.svg|1/27/2021, 7:10:02 PM
/favicon.ico|1/27/2021, 7:10:02 PM
/empresas|1/27/2021, 7:10:02 PM
/style.css|1/27/2021, 7:10:02 PM
/index1.js|1/27/2021, 7:10:02 PM
/neoland.svg|1/27/2021, 7:10:02 PM
/favicon.ico|1/27/2021, 7:10:02 PM
/blog|1/27/2021, 7:10:03 PM
/style.css|1/27/2021, 7:10:03 PM
/index1.js|1/27/2021, 7:10:03 PM
/neoland.svg|1/27/2021, 7:10:03 PM
/favicon.ico|1/27/2021, 7:10:03 PM
/online|1/27/2021, 7:10:04 PM
/style.css|1/27/2021, 7:10:04 PM
/index1.js|1/27/2021, 7:10:04 PM
/neoland.svg|1/27/2021, 7:10:04 PM
/favicon.ico|1/27/2021, 7:10:04 PM
/contactar|1/27/2021, 7:10:05 PM
/style.css|1/27/2021, 7:10:05 PM
/index1.js|1/27/2021, 7:10:05 PM
/neoland.svg|1/27/2021, 7:10:05 PM
/favicon.ico|1/27/2021, 7:10:05 PM
/home|1/27/2021, 7:10:06 PM
/style.css|1/27/2021, 7:10:06 PM
/index1.js|1/27/2021, 7:10:06 PM
/log.js|1/27/2021, 7:10:06 PM
/neoland.svg|1/27/2021, 7:10:06 PM
/favicon.ico|1/27/2021, 7:10:06 PM
/|1/27/2021, 8:22:46 PM
/style.css|1/27/2021, 8:22:46 PM
/index1.js|1/27/2021, 8:22:46 PM
/log.js|1/27/2021, 8:22:46 PM
/neoland.svg|1/27/2021, 8:22:46 PM
/favicon.ico|1/27/2021, 8:22:46 PM
/style.css|1/27/2021, 8:22:49 PM
/cursos|1/27/2021, 8:22:55 PM
/style.css|1/27/2021, 8:22:55 PM
/index1.js|1/27/2021, 8:22:55 PM
/neoland.svg|1/27/2021, 8:22:55 PM
/favicon.ico|1/27/2021, 8:22:55 PM
/cursos|1/27/2021, 8:24:35 PM
/style.css|1/27/2021, 8:24:35 PM
/index1.js|1/27/2021, 8:24:35 PM
/neoland.svg|1/27/2021, 8:24:35 PM
/favicon.ico|1/27/2021, 8:24:35 PM
/cursos|1/27/2021, 8:24:35 PM
/style.css|1/27/2021, 8:24:35 PM
/index1.js|1/27/2021, 8:24:35 PM
/neoland.svg|1/27/2021, 8:24:35 PM
/favicon.ico|1/27/2021, 8:24:35 PM
/empleo|1/27/2021, 8:24:36 PM
/style.css|1/27/2021, 8:24:36 PM
/index1.js|1/27/2021, 8:24:36 PM
/neoland.svg|1/27/2021, 8:24:36 PM
/favicon.ico|1/27/2021, 8:24:36 PM
/alumnos|1/27/2021, 8:24:38 PM
/style.css|1/27/2021, 8:24:38 PM
/index1.js|1/27/2021, 8:24:38 PM
/neoland.svg|1/27/2021, 8:24:38 PM
/favicon.ico|1/27/2021, 8:24:38 PM
/cursos|1/27/2021, 8:24:40 PM
/style.css|1/27/2021, 8:24:40 PM
/index1.js|1/27/2021, 8:24:40 PM
/neoland.svg|1/27/2021, 8:24:40 PM
/favicon.ico|1/27/2021, 8:24:40 PM
/cursos|1/27/2021, 8:24:41 PM
/style.css|1/27/2021, 8:24:41 PM
/index1.js|1/27/2021, 8:24:41 PM
/neoland.svg|1/27/2021, 8:24:41 PM
/favicon.ico|1/27/2021, 8:24:41 PM
/empleo|1/27/2021, 8:25:16 PM
/style.css|1/27/2021, 8:25:16 PM
/index1.js|1/27/2021, 8:25:16 PM
/neoland.svg|1/27/2021, 8:25:16 PM
/favicon.ico|1/27/2021, 8:25:16 PM
/home|1/27/2021, 8:25:17 PM
/style.css|1/27/2021, 8:25:17 PM
/index1.js|1/27/2021, 8:25:17 PM
/log.js|1/27/2021, 8:25:17 PM
/neoland.svg|1/27/2021, 8:25:17 PM
/favicon.ico|1/27/2021, 8:25:17 PM
/cursos|1/27/2021, 8:25:17 PM
/style.css|1/27/2021, 8:25:17 PM
/index1.js|1/27/2021, 8:25:17 PM
/neoland.svg|1/27/2021, 8:25:17 PM
/favicon.ico|1/27/2021, 8:25:17 PM
/empleo|1/27/2021, 8:25:19 PM
/style.css|1/27/2021, 8:25:19 PM
/index1.js|1/27/2021, 8:25:19 PM
/neoland.svg|1/27/2021, 8:25:19 PM
/favicon.ico|1/27/2021, 8:25:19 PM
/home|1/27/2021, 8:25:19 PM
/style.css|1/27/2021, 8:25:19 PM
/index1.js|1/27/2021, 8:25:19 PM
/log.js|1/27/2021, 8:25:19 PM
/neoland.svg|1/27/2021, 8:25:19 PM
/favicon.ico|1/27/2021, 8:25:19 PM
/home|1/27/2021, 8:26:00 PM
/style.css|1/27/2021, 8:26:00 PM
/index1.js|1/27/2021, 8:26:00 PM
/log.js|1/27/2021, 8:26:00 PM
/neoland.svg|1/27/2021, 8:26:00 PM
/favicon.ico|1/27/2021, 8:26:00 PM
/home|1/27/2021, 8:26:02 PM
/style.css|1/27/2021, 8:26:02 PM
/index1.js|1/27/2021, 8:26:02 PM
/log.js|1/27/2021, 8:26:02 PM
/neoland.svg|1/27/2021, 8:26:02 PM
/favicon.ico|1/27/2021, 8:26:02 PM
/home|1/27/2021, 8:26:17 PM
/style.css|1/27/2021, 8:26:17 PM
/index1.js|1/27/2021, 8:26:17 PM
/log.js|1/27/2021, 8:26:17 PM
/neoland.svg|1/27/2021, 8:26:17 PM
/favicon.ico|1/27/2021, 8:26:17 PM
/|1/27/2021, 8:33:10 PM
/style.css|1/27/2021, 8:33:10 PM
/index1.js|1/27/2021, 8:33:10 PM
/log.js|1/27/2021, 8:33:10 PM
/neoland.svg|1/27/2021, 8:33:10 PM
/favicon.ico|1/27/2021, 8:33:10 PM
/style.css|1/27/2021, 8:33:12 PM
/cursos|1/27/2021, 8:33:15 PM
/style.css|1/27/2021, 8:33:15 PM
/index1.js|1/27/2021, 8:33:15 PM
/neoland.svg|1/27/2021, 8:33:15 PM
/favicon.ico|1/27/2021, 8:33:15 PM
/cursos|1/27/2021, 8:34:20 PM
/style.css|1/27/2021, 8:34:20 PM
/index1.js|1/27/2021, 8:34:20 PM
/neoland.svg|1/27/2021, 8:34:20 PM
/favicon.ico|1/27/2021, 8:34:20 PM
/|1/27/2021, 8:38:09 PM
/style.css|1/27/2021, 8:38:10 PM
/index1.js|1/27/2021, 8:38:10 PM
/log.js|1/27/2021, 8:38:10 PM
/neoland.svg|1/27/2021, 8:38:10 PM
/favicon.ico|1/27/2021, 8:38:10 PM
/style.css|1/27/2021, 8:38:50 PM
/cursos|1/27/2021, 8:38:52 PM
/style.css|1/27/2021, 8:38:52 PM
/index1.js|1/27/2021, 8:38:52 PM
/neoland.svg|1/27/2021, 8:38:52 PM
/favicon.ico|1/27/2021, 8:38:52 PM
/empleo|1/27/2021, 8:39:03 PM
/style.css|1/27/2021, 8:39:03 PM
/index1.js|1/27/2021, 8:39:03 PM
/neoland.svg|1/27/2021, 8:39:03 PM
/favicon.ico|1/27/2021, 8:39:03 PM
/alumnos|1/27/2021, 8:39:05 PM
/style.css|1/27/2021, 8:39:05 PM
/index1.js|1/27/2021, 8:39:05 PM
/neoland.svg|1/27/2021, 8:39:05 PM
/favicon.ico|1/27/2021, 8:39:05 PM
/cursos|1/27/2021, 8:39:07 PM
/style.css|1/27/2021, 8:39:07 PM
/index1.js|1/27/2021, 8:39:07 PM
/neoland.svg|1/27/2021, 8:39:07 PM
/favicon.ico|1/27/2021, 8:39:07 PM
/empleo|1/27/2021, 8:39:08 PM
/style.css|1/27/2021, 8:39:08 PM
/index1.js|1/27/2021, 8:39:08 PM
/neoland.svg|1/27/2021, 8:39:08 PM
/favicon.ico|1/27/2021, 8:39:08 PM
/alumnos|1/27/2021, 8:39:10 PM
/style.css|1/27/2021, 8:39:10 PM
/index1.js|1/27/2021, 8:39:10 PM
/neoland.svg|1/27/2021, 8:39:10 PM
/favicon.ico|1/27/2021, 8:39:10 PM
/empleo|1/27/2021, 8:39:11 PM
/style.css|1/27/2021, 8:39:11 PM
/index1.js|1/27/2021, 8:39:11 PM
/neoland.svg|1/27/2021, 8:39:11 PM
/favicon.ico|1/27/2021, 8:39:11 PM
/empleo|1/27/2021, 8:39:13 PM
/style.css|1/27/2021, 8:39:13 PM
/index1.js|1/27/2021, 8:39:13 PM
/neoland.svg|1/27/2021, 8:39:13 PM
/favicon.ico|1/27/2021, 8:39:13 PM
/cursos|1/27/2021, 8:39:13 PM
/style.css|1/27/2021, 8:39:13 PM
/index1.js|1/27/2021, 8:39:13 PM
/neoland.svg|1/27/2021, 8:39:13 PM
/favicon.ico|1/27/2021, 8:39:13 PM
/empleo|1/27/2021, 8:39:27 PM
/style.css|1/27/2021, 8:39:27 PM
/index1.js|1/27/2021, 8:39:27 PM
/neoland.svg|1/27/2021, 8:39:27 PM
/favicon.ico|1/27/2021, 8:39:27 PM
/alumnos|1/27/2021, 8:39:28 PM
/style.css|1/27/2021, 8:39:28 PM
/index1.js|1/27/2021, 8:39:28 PM
/neoland.svg|1/27/2021, 8:39:28 PM
/favicon.ico|1/27/2021, 8:39:28 PM
/empresas|1/27/2021, 8:39:29 PM
/style.css|1/27/2021, 8:39:29 PM
/index1.js|1/27/2021, 8:39:29 PM
/neoland.svg|1/27/2021, 8:39:29 PM
/favicon.ico|1/27/2021, 8:39:29 PM
/cursos|1/27/2021, 8:39:33 PM
/style.css|1/27/2021, 8:39:33 PM
/index1.js|1/27/2021, 8:39:33 PM
/neoland.svg|1/27/2021, 8:39:33 PM
/favicon.ico|1/27/2021, 8:39:33 PM
/|1/27/2021, 8:54:59 PM
/style.css|1/27/2021, 8:54:59 PM
/index1.js|1/27/2021, 8:54:59 PM
/log.js|1/27/2021, 8:54:59 PM
/neoland.svg|1/27/2021, 8:54:59 PM
/favicon.ico|1/27/2021, 8:54:59 PM
/style.css|1/27/2021, 8:57:41 PM
/|1/27/2021, 9:01:58 PM
/style.css|1/27/2021, 9:01:58 PM
/index1.js|1/27/2021, 9:01:58 PM
/log.js|1/27/2021, 9:01:58 PM
/neoland.svg|1/27/2021, 9:01:58 PM
/favicon.ico|1/27/2021, 9:01:58 PM
/style.css|1/27/2021, 9:02:03 PM
/empleo|1/27/2021, 9:02:22 PM
/style.css|1/27/2021, 9:02:22 PM
/index1.js|1/27/2021, 9:02:22 PM
/neoland.svg|1/27/2021, 9:02:22 PM
/favicon.ico|1/27/2021, 9:02:22 PM
/alumnos|1/27/2021, 9:02:23 PM
/style.css|1/27/2021, 9:02:23 PM
/index1.js|1/27/2021, 9:02:23 PM
/neoland.svg|1/27/2021, 9:02:23 PM
/favicon.ico|1/27/2021, 9:02:23 PM
/empresas|1/27/2021, 9:02:24 PM
/style.css|1/27/2021, 9:02:24 PM
/index1.js|1/27/2021, 9:02:24 PM
/neoland.svg|1/27/2021, 9:02:24 PM
/favicon.ico|1/27/2021, 9:02:24 PM
/blog|1/27/2021, 9:02:25 PM
/style.css|1/27/2021, 9:02:25 PM
/index1.js|1/27/2021, 9:02:25 PM
/neoland.svg|1/27/2021, 9:02:25 PM
/favicon.ico|1/27/2021, 9:02:25 PM
/home|1/27/2021, 9:02:26 PM
/style.css|1/27/2021, 9:02:26 PM
/index1.js|1/27/2021, 9:02:26 PM
/log.js|1/27/2021, 9:02:26 PM
/neoland.svg|1/27/2021, 9:02:26 PM
/favicon.ico|1/27/2021, 9:02:26 PM
/homesssss|1/27/2021, 9:03:15 PM
/style.css|1/27/2021, 9:03:15 PM
/index1.js|1/27/2021, 9:03:15 PM
/log.js|1/27/2021, 9:03:15 PM
/neoland.svg|1/27/2021, 9:03:15 PM
/favicon.ico|1/27/2021, 9:03:15 PM
/empleo|1/27/2021, 9:03:18 PM
/style.css|1/27/2021, 9:03:19 PM
/index1.js|1/27/2021, 9:03:19 PM
/neoland.svg|1/27/2021, 9:03:19 PM
/favicon.ico|1/27/2021, 9:03:19 PM
/home.html|1/27/2021, 9:03:23 PM
/style.css|1/27/2021, 9:03:23 PM
/index1.js|1/27/2021, 9:03:23 PM
/log.js|1/27/2021, 9:03:23 PM
/neoland.svg|1/27/2021, 9:03:23 PM
/favicon.ico|1/27/2021, 9:03:23 PM
/home|1/27/2021, 9:05:50 PM
/style.css|1/27/2021, 9:05:50 PM
/index1.js|1/27/2021, 9:05:50 PM
/log.js|1/27/2021, 9:05:50 PM
/neoland.svg|1/27/2021, 9:05:50 PM
/favicon.ico|1/27/2021, 9:05:50 PM
/home|1/27/2021, 9:05:51 PM
/style.css|1/27/2021, 9:05:51 PM
/index1.js|1/27/2021, 9:05:51 PM
/log.js|1/27/2021, 9:05:51 PM
/neoland.svg|1/27/2021, 9:05:51 PM
/favicon.ico|1/27/2021, 9:05:51 PM
/cursos|1/27/2021, 9:06:30 PM
/style.css|1/27/2021, 9:06:30 PM
/index1.js|1/27/2021, 9:06:30 PM
/cursos.js|1/27/2021, 9:06:30 PM
/neoland.svg|1/27/2021, 9:06:30 PM
/favicon.ico|1/27/2021, 9:06:30 PM
/empleo|1/27/2021, 9:06:36 PM
/style.css|1/27/2021, 9:06:36 PM
/index1.js|1/27/2021, 9:06:36 PM
/neoland.svg|1/27/2021, 9:06:36 PM
/favicon.ico|1/27/2021, 9:06:36 PM
/alumnos|1/27/2021, 9:06:36 PM
/style.css|1/27/2021, 9:06:36 PM
/index1.js|1/27/2021, 9:06:36 PM
/neoland.svg|1/27/2021, 9:06:36 PM
/favicon.ico|1/27/2021, 9:06:36 PM
/cursos|1/27/2021, 9:06:38 PM
/style.css|1/27/2021, 9:06:38 PM
/index1.js|1/27/2021, 9:06:38 PM
/cursos.js|1/27/2021, 9:06:38 PM
/neoland.svg|1/27/2021, 9:06:38 PM
/favicon.ico|1/27/2021, 9:06:38 PM
/empleo|1/27/2021, 9:06:38 PM
/style.css|1/27/2021, 9:06:38 PM
/index1.js|1/27/2021, 9:06:38 PM
/neoland.svg|1/27/2021, 9:06:38 PM
/favicon.ico|1/27/2021, 9:06:38 PM
/cursos|1/27/2021, 9:06:40 PM
/style.css|1/27/2021, 9:06:40 PM
/index1.js|1/27/2021, 9:06:40 PM
/cursos.js|1/27/2021, 9:06:40 PM
/neoland.svg|1/27/2021, 9:06:40 PM
/favicon.ico|1/27/2021, 9:06:40 PM
/|1/27/2021, 9:20:37 PM
/style.css|1/27/2021, 9:20:37 PM
/index1.js|1/27/2021, 9:20:37 PM
/log.js|1/27/2021, 9:20:37 PM
/neoland.svg|1/27/2021, 9:20:37 PM
/favicon.ico|1/27/2021, 9:20:37 PM
/|1/27/2021, 9:20:57 PM
/style.css|1/27/2021, 9:20:57 PM
/index1.js|1/27/2021, 9:20:57 PM
/log.js|1/27/2021, 9:20:57 PM
/neoland.svg|1/27/2021, 9:20:57 PM
/favicon.ico|1/27/2021, 9:20:57 PM
/cursos|1/27/2021, 9:21:07 PM
/style.css|1/27/2021, 9:21:07 PM
/index1.js|1/27/2021, 9:21:07 PM
/cursos.js|1/27/2021, 9:21:07 PM
/neoland.svg|1/27/2021, 9:21:07 PM
/favicon.ico|1/27/2021, 9:21:07 PM
/style.css|1/27/2021, 9:21:10 PM
/|1/27/2021, 9:22:18 PM
/style.css|1/27/2021, 9:22:18 PM
/index1.js|1/27/2021, 9:22:18 PM
/log.js|1/27/2021, 9:22:18 PM
/neoland.svg|1/27/2021, 9:22:18 PM
/favicon.ico|1/27/2021, 9:22:19 PM
/cursos|1/27/2021, 9:22:25 PM
/style.css|1/27/2021, 9:22:25 PM
/index1.js|1/27/2021, 9:22:25 PM
/cursos.js|1/27/2021, 9:22:25 PM
/neoland.svg|1/27/2021, 9:22:25 PM
/favicon.ico|1/27/2021, 9:22:25 PM
/style.css|1/27/2021, 9:22:27 PM
/|1/27/2021, 9:24:34 PM
/style.css|1/27/2021, 9:24:34 PM
/index1.js|1/27/2021, 9:24:34 PM
/log.js|1/27/2021, 9:24:34 PM
/neoland.svg|1/27/2021, 9:24:34 PM
/favicon.ico|1/27/2021, 9:24:34 PM
/cursos|1/27/2021, 9:24:39 PM
/style.css|1/27/2021, 9:24:39 PM
/index1.js|1/27/2021, 9:24:39 PM
/cursos.js|1/27/2021, 9:24:39 PM
/neoland.svg|1/27/2021, 9:24:39 PM
/favicon.ico|1/27/2021, 9:24:39 PM
/style.css|1/27/2021, 9:25:43 PM
/|1/27/2021, 9:30:14 PM
/style.css|1/27/2021, 9:30:14 PM
/index1.js|1/27/2021, 9:30:14 PM
/log.js|1/27/2021, 9:30:14 PM
/neoland.svg|1/27/2021, 9:30:14 PM
/favicon.ico|1/27/2021, 9:30:14 PM
/style.css|1/27/2021, 9:30:21 PM
/cursos|1/27/2021, 9:30:23 PM
/style.css|1/27/2021, 9:30:23 PM
/index1.js|1/27/2021, 9:30:23 PM
/cursos.js|1/27/2021, 9:30:23 PM
/neoland.svg|1/27/2021, 9:30:23 PM
/favicon.ico|1/27/2021, 9:30:23 PM
/cursos|1/27/2021, 9:40:13 PM
/style.css|1/27/2021, 9:40:13 PM
/index1.js|1/27/2021, 9:40:13 PM
/cursos.js|1/27/2021, 9:40:13 PM
/neoland.svg|1/27/2021, 9:40:13 PM
/favicon.ico|1/27/2021, 9:40:13 PM
/|1/27/2021, 9:47:04 PM
/style.css|1/27/2021, 9:47:04 PM
/index1.js|1/27/2021, 9:47:04 PM
/log.js|1/27/2021, 9:47:04 PM
/neoland.svg|1/27/2021, 9:47:04 PM
/favicon.ico|1/27/2021, 9:47:04 PM
/cursos|1/27/2021, 9:47:08 PM
/style.css|1/27/2021, 9:47:08 PM
/index1.js|1/27/2021, 9:47:08 PM
/cursos.js|1/27/2021, 9:47:08 PM
/neoland.svg|1/27/2021, 9:47:08 PM
/favicon.ico|1/27/2021, 9:47:08 PM
/|1/27/2021, 9:47:56 PM
/style.css|1/27/2021, 9:47:56 PM
/index1.js|1/27/2021, 9:47:56 PM
/log.js|1/27/2021, 9:47:56 PM
/neoland.svg|1/27/2021, 9:47:56 PM
/favicon.ico|1/27/2021, 9:47:56 PM
/cursos|1/27/2021, 9:48:06 PM
/style.css|1/27/2021, 9:48:06 PM
/index1.js|1/27/2021, 9:48:06 PM
/cursos.js|1/27/2021, 9:48:06 PM
/neoland.svg|1/27/2021, 9:48:06 PM
/favicon.ico|1/27/2021, 9:48:06 PM
/empleo|1/27/2021, 9:48:08 PM
/style.css|1/27/2021, 9:48:08 PM
/index1.js|1/27/2021, 9:48:08 PM
/neoland.svg|1/27/2021, 9:48:08 PM
/favicon.ico|1/27/2021, 9:48:08 PM
/cursos|1/27/2021, 9:48:09 PM
/style.css|1/27/2021, 9:48:09 PM
/index1.js|1/27/2021, 9:48:09 PM
/cursos.js|1/27/2021, 9:48:09 PM
/neoland.svg|1/27/2021, 9:48:09 PM
/favicon.ico|1/27/2021, 9:48:09 PM
/|1/27/2021, 9:49:32 PM
/style.css|1/27/2021, 9:49:32 PM
/index1.js|1/27/2021, 9:49:32 PM
/log.js|1/27/2021, 9:49:32 PM
/neoland.svg|1/27/2021, 9:49:32 PM
/favicon.ico|1/27/2021, 9:49:32 PM
/cursos|1/27/2021, 9:49:42 PM
/style.css|1/27/2021, 9:49:42 PM
/index1.js|1/27/2021, 9:49:42 PM
/cursos.js|1/27/2021, 9:49:42 PM
/neoland.svg|1/27/2021, 9:49:42 PM
/favicon.ico|1/27/2021, 9:49:42 PM
/cursos|1/27/2021, 9:49:43 PM
/style.css|1/27/2021, 9:49:43 PM
/index1.js|1/27/2021, 9:49:43 PM
/cursos.js|1/27/2021, 9:49:43 PM
/neoland.svg|1/27/2021, 9:49:43 PM
/favicon.ico|1/27/2021, 9:49:44 PM
/|1/27/2021, 9:51:34 PM
/style.css|1/27/2021, 9:51:34 PM
/index1.js|1/27/2021, 9:51:34 PM
/log.js|1/27/2021, 9:51:34 PM
/neoland.svg|1/27/2021, 9:51:34 PM
/favicon.ico|1/27/2021, 9:51:34 PM
/cursos|1/27/2021, 9:51:43 PM
/style.css|1/27/2021, 9:51:43 PM
/index1.js|1/27/2021, 9:51:43 PM
/cursos.js|1/27/2021, 9:51:43 PM
/neoland.svg|1/27/2021, 9:51:43 PM
/favicon.ico|1/27/2021, 9:51:43 PM
/style.css|1/27/2021, 9:52:03 PM
/|1/27/2021, 9:53:20 PM
/style.css|1/27/2021, 9:53:20 PM
/index1.js|1/27/2021, 9:53:20 PM
/log.js|1/27/2021, 9:53:20 PM
/neoland.svg|1/27/2021, 9:53:20 PM
/favicon.ico|1/27/2021, 9:53:20 PM
/style.css|1/27/2021, 9:53:23 PM
/cursos|1/27/2021, 9:53:31 PM
/style.css|1/27/2021, 9:53:31 PM
/index1.js|1/27/2021, 9:53:31 PM
/cursos.js|1/27/2021, 9:53:31 PM
/neoland.svg|1/27/2021, 9:53:31 PM
/favicon.ico|1/27/2021, 9:53:31 PM
/|1/27/2021, 10:02:25 PM
/style.css|1/27/2021, 10:02:25 PM
/index1.js|1/27/2021, 10:02:25 PM
/log.js|1/27/2021, 10:02:25 PM
/neoland.svg|1/27/2021, 10:02:25 PM
/favicon.ico|1/27/2021, 10:02:25 PM
/cursos|1/27/2021, 10:02:33 PM
/style.css|1/27/2021, 10:02:33 PM
/index1.js|1/27/2021, 10:02:33 PM
/cursos.js|1/27/2021, 10:02:33 PM
/neoland.svg|1/27/2021, 10:02:33 PM
/favicon.ico|1/27/2021, 10:02:33 PM
/style.css|1/27/2021, 10:03:04 PM
/|1/27/2021, 10:03:56 PM
/style.css|1/27/2021, 10:03:56 PM
/index1.js|1/27/2021, 10:03:56 PM
/log.js|1/27/2021, 10:03:56 PM
/neoland.svg|1/27/2021, 10:03:56 PM
/favicon.ico|1/27/2021, 10:03:56 PM
/cursos|1/27/2021, 10:04:02 PM
/style.css|1/27/2021, 10:04:02 PM
/index1.js|1/27/2021, 10:04:02 PM
/cursos.js|1/27/2021, 10:04:02 PM
/neoland.svg|1/27/2021, 10:04:02 PM
/favicon.ico|1/27/2021, 10:04:02 PM
/style.css|1/27/2021, 10:04:09 PM
/|1/27/2021, 10:05:18 PM
/style.css|1/27/2021, 10:05:18 PM
/index1.js|1/27/2021, 10:05:18 PM
/log.js|1/27/2021, 10:05:18 PM
/neoland.svg|1/27/2021, 10:05:18 PM
/favicon.ico|1/27/2021, 10:05:18 PM
/cursos|1/27/2021, 10:05:20 PM
/style.css|1/27/2021, 10:05:20 PM
/index1.js|1/27/2021, 10:05:20 PM
/cursos.js|1/27/2021, 10:05:20 PM
/neoland.svg|1/27/2021, 10:05:20 PM
/favicon.ico|1/27/2021, 10:05:20 PM
/style.css|1/27/2021, 10:05:22 PM
/|1/27/2021, 10:08:54 PM
/style.css|1/27/2021, 10:08:54 PM
/index1.js|1/27/2021, 10:08:54 PM
/log.js|1/27/2021, 10:08:54 PM
/neoland.svg|1/27/2021, 10:08:54 PM
/favicon.ico|1/27/2021, 10:08:54 PM
/style.css|1/27/2021, 10:08:58 PM
/cursos|1/27/2021, 10:08:59 PM
/style.css|1/27/2021, 10:08:59 PM
/index1.js|1/27/2021, 10:08:59 PM
/cursos.js|1/27/2021, 10:08:59 PM
/neoland.svg|1/27/2021, 10:08:59 PM
/favicon.ico|1/27/2021, 10:08:59 PM
/|1/27/2021, 10:14:42 PM
/style.css|1/27/2021, 10:14:42 PM
/index1.js|1/27/2021, 10:14:42 PM
/log.js|1/27/2021, 10:14:42 PM
/neoland.svg|1/27/2021, 10:14:42 PM
/favicon.ico|1/27/2021, 10:14:42 PM
/style.css|1/27/2021, 10:14:46 PM
/cursos|1/27/2021, 10:14:48 PM
/style.css|1/27/2021, 10:14:48 PM
/index1.js|1/27/2021, 10:14:48 PM
/cursos.js|1/27/2021, 10:14:48 PM
/neoland.svg|1/27/2021, 10:14:48 PM
/favicon.ico|1/27/2021, 10:14:48 PM
/|1/27/2021, 10:16:07 PM
/style.css|1/27/2021, 10:16:07 PM
/index1.js|1/27/2021, 10:16:07 PM
/log.js|1/27/2021, 10:16:08 PM
/neoland.svg|1/27/2021, 10:16:08 PM
/favicon.ico|1/27/2021, 10:16:08 PM
/style.css|1/27/2021, 10:16:11 PM
/cursos|1/27/2021, 10:16:13 PM
/style.css|1/27/2021, 10:16:13 PM
/index1.js|1/27/2021, 10:16:13 PM
/cursos.js|1/27/2021, 10:16:13 PM
/neoland.svg|1/27/2021, 10:16:13 PM
/favicon.ico|1/27/2021, 10:16:13 PM
/|1/27/2021, 10:17:37 PM
/style.css|1/27/2021, 10:17:37 PM
/index1.js|1/27/2021, 10:17:37 PM
/log.js|1/27/2021, 10:17:37 PM
/neoland.svg|1/27/2021, 10:17:37 PM
/favicon.ico|1/27/2021, 10:17:38 PM
/cursos|1/27/2021, 10:17:39 PM
/style.css|1/27/2021, 10:17:39 PM
/index1.js|1/27/2021, 10:17:39 PM
/cursos.js|1/27/2021, 10:17:39 PM
/neoland.svg|1/27/2021, 10:17:39 PM
/favicon.ico|1/27/2021, 10:17:39 PM
/style.css|1/27/2021, 10:17:42 PM
/|1/27/2021, 11:07:57 PM
/style.css|1/27/2021, 11:07:57 PM
/index1.js|1/27/2021, 11:07:57 PM
/log.js|1/27/2021, 11:07:57 PM
/neoland.svg|1/27/2021, 11:07:57 PM
/favicon.ico|1/27/2021, 11:07:57 PM
/cursos|1/27/2021, 11:08:00 PM
/style.css|1/27/2021, 11:08:00 PM
/index1.js|1/27/2021, 11:08:00 PM
/cursos.js|1/27/2021, 11:08:00 PM
/neoland.svg|1/27/2021, 11:08:00 PM
/favicon.ico|1/27/2021, 11:08:00 PM
/style.css|1/27/2021, 11:08:03 PM
/|1/27/2021, 11:27:29 PM
/style.css|1/27/2021, 11:27:29 PM
/index1.js|1/27/2021, 11:27:29 PM
/log.js|1/27/2021, 11:27:29 PM
/neoland.svg|1/27/2021, 11:27:29 PM
/favicon.ico|1/27/2021, 11:27:29 PM
/cursos|1/27/2021, 11:27:32 PM
/style.css|1/27/2021, 11:27:32 PM
/index1.js|1/27/2021, 11:27:32 PM
/cursos.js|1/27/2021, 11:27:32 PM
/neoland.svg|1/27/2021, 11:27:32 PM
/favicon.ico|1/27/2021, 11:27:32 PM
/style.css|1/27/2021, 11:27:39 PM
/|1/27/2021, 11:29:35 PM
/style.css|1/27/2021, 11:29:35 PM
/index1.js|1/27/2021, 11:29:35 PM
/log.js|1/27/2021, 11:29:35 PM
/neoland.svg|1/27/2021, 11:29:35 PM
/favicon.ico|1/27/2021, 11:29:35 PM
/cursos|1/27/2021, 11:29:37 PM
/style.css|1/27/2021, 11:29:37 PM
/index1.js|1/27/2021, 11:29:37 PM
/cursos.js|1/27/2021, 11:29:37 PM
/neoland.svg|1/27/2021, 11:29:37 PM
/favicon.ico|1/27/2021, 11:29:37 PM
/style.css|1/27/2021, 11:29:39 PM
/|1/27/2021, 11:30:32 PM
/style.css|1/27/2021, 11:30:32 PM
/index1.js|1/27/2021, 11:30:32 PM
/log.js|1/27/2021, 11:30:32 PM
/neoland.svg|1/27/2021, 11:30:32 PM
/favicon.ico|1/27/2021, 11:30:32 PM
/cursos|1/27/2021, 11:30:34 PM
/style.css|1/27/2021, 11:30:34 PM
/index1.js|1/27/2021, 11:30:34 PM
/cursos.js|1/27/2021, 11:30:34 PM
/neoland.svg|1/27/2021, 11:30:34 PM
/favicon.ico|1/27/2021, 11:30:34 PM
/style.css|1/27/2021, 11:30:36 PM
/|1/27/2021, 11:31:16 PM
/style.css|1/27/2021, 11:31:16 PM
/index1.js|1/27/2021, 11:31:16 PM
/log.js|1/27/2021, 11:31:16 PM
/neoland.svg|1/27/2021, 11:31:16 PM
/favicon.ico|1/27/2021, 11:31:17 PM
/cursos|1/27/2021, 11:31:20 PM
/style.css|1/27/2021, 11:31:20 PM
/index1.js|1/27/2021, 11:31:20 PM
/cursos.js|1/27/2021, 11:31:20 PM
/neoland.svg|1/27/2021, 11:31:20 PM
/favicon.ico|1/27/2021, 11:31:20 PM
/style.css|1/27/2021, 11:31:22 PM
/|1/27/2021, 11:34:25 PM
/style.css|1/27/2021, 11:34:25 PM
/index1.js|1/27/2021, 11:34:25 PM
/log.js|1/27/2021, 11:34:25 PM
/neoland.svg|1/27/2021, 11:34:25 PM
/favicon.ico|1/27/2021, 11:34:25 PM
/cursos|1/27/2021, 11:34:32 PM
/style.css|1/27/2021, 11:34:32 PM
/index1.js|1/27/2021, 11:34:32 PM
/cursos.js|1/27/2021, 11:34:32 PM
/neoland.svg|1/27/2021, 11:34:32 PM
/favicon.ico|1/27/2021, 11:34:32 PM
/cursos|1/27/2021, 11:34:33 PM
/style.css|1/27/2021, 11:34:33 PM
/index1.js|1/27/2021, 11:34:33 PM
/cursos.js|1/27/2021, 11:34:33 PM
/neoland.svg|1/27/2021, 11:34:33 PM
/favicon.ico|1/27/2021, 11:34:33 PM
/style.css|1/27/2021, 11:35:03 PM
/|1/27/2021, 11:36:16 PM
/style.css|1/27/2021, 11:36:16 PM
/index1.js|1/27/2021, 11:36:16 PM
/log.js|1/27/2021, 11:36:16 PM
/neoland.svg|1/27/2021, 11:36:16 PM
/favicon.ico|1/27/2021, 11:36:16 PM
/cursos|1/27/2021, 11:36:18 PM
/style.css|1/27/2021, 11:36:18 PM
/index1.js|1/27/2021, 11:36:18 PM
/cursos.js|1/27/2021, 11:36:18 PM
/neoland.svg|1/27/2021, 11:36:18 PM
/favicon.ico|1/27/2021, 11:36:18 PM
/style.css|1/27/2021, 11:36:20 PM
/|1/27/2021, 11:36:59 PM
/style.css|1/27/2021, 11:36:59 PM
/index1.js|1/27/2021, 11:36:59 PM
/log.js|1/27/2021, 11:36:59 PM
/neoland.svg|1/27/2021, 11:36:59 PM
/favicon.ico|1/27/2021, 11:36:59 PM
/cursos|1/27/2021, 11:37:03 PM
/style.css|1/27/2021, 11:37:03 PM
/index1.js|1/27/2021, 11:37:03 PM
/cursos.js|1/27/2021, 11:37:03 PM
/neoland.svg|1/27/2021, 11:37:03 PM
/favicon.ico|1/27/2021, 11:37:03 PM
/|1/27/2021, 11:42:24 PM
/style.css|1/27/2021, 11:42:24 PM
/index1.js|1/27/2021, 11:42:24 PM
/log.js|1/27/2021, 11:42:24 PM
/neoland.svg|1/27/2021, 11:42:24 PM
/favicon.ico|1/27/2021, 11:42:24 PM
/cursos|1/27/2021, 11:42:28 PM
/style.css|1/27/2021, 11:42:28 PM
/index1.js|1/27/2021, 11:42:28 PM
/cursos.js|1/27/2021, 11:42:28 PM
/neoland.svg|1/27/2021, 11:42:28 PM
/favicon.ico|1/27/2021, 11:42:28 PM
/|1/27/2021, 11:43:45 PM
/style.css|1/27/2021, 11:43:45 PM
/index1.js|1/27/2021, 11:43:45 PM
/log.js|1/27/2021, 11:43:45 PM
/neoland.svg|1/27/2021, 11:43:45 PM
/favicon.ico|1/27/2021, 11:43:45 PM
/cursos|1/27/2021, 11:43:48 PM
/style.css|1/27/2021, 11:43:48 PM
/index1.js|1/27/2021, 11:43:48 PM
/cursos.js|1/27/2021, 11:43:48 PM
/neoland.svg|1/27/2021, 11:43:48 PM
/favicon.ico|1/27/2021, 11:43:48 PM
/|1/27/2021, 11:44:14 PM
/style.css|1/27/2021, 11:44:14 PM
/index1.js|1/27/2021, 11:44:14 PM
/log.js|1/27/2021, 11:44:14 PM
/neoland.svg|1/27/2021, 11:44:14 PM
/favicon.ico|1/27/2021, 11:44:14 PM
/cursos|1/27/2021, 11:44:16 PM
/style.css|1/27/2021, 11:44:16 PM
/index1.js|1/27/2021, 11:44:16 PM
/cursos.js|1/27/2021, 11:44:16 PM
/neoland.svg|1/27/2021, 11:44:16 PM
/favicon.ico|1/27/2021, 11:44:16 PM
/|1/27/2021, 11:44:37 PM
/style.css|1/27/2021, 11:44:37 PM
/index1.js|1/27/2021, 11:44:37 PM
/log.js|1/27/2021, 11:44:37 PM
/neoland.svg|1/27/2021, 11:44:37 PM
/favicon.ico|1/27/2021, 11:44:37 PM
/cursos|1/27/2021, 11:44:38 PM
/style.css|1/27/2021, 11:44:38 PM
/index1.js|1/27/2021, 11:44:38 PM
/cursos.js|1/27/2021, 11:44:38 PM
/neoland.svg|1/27/2021, 11:44:38 PM
/favicon.ico|1/27/2021, 11:44:38 PM
/cursos|1/27/2021, 11:45:05 PM
/style.css|1/27/2021, 11:45:05 PM
/index1.js|1/27/2021, 11:45:05 PM
/cursos.js|1/27/2021, 11:45:05 PM
/neoland.svg|1/27/2021, 11:45:05 PM
/favicon.ico|1/27/2021, 11:45:05 PM
/empleo|1/27/2021, 11:45:07 PM
/style.css|1/27/2021, 11:45:07 PM
/index1.js|1/27/2021, 11:45:07 PM
/neoland.svg|1/27/2021, 11:45:07 PM
/favicon.ico|1/27/2021, 11:45:07 PM
/alumnos|1/27/2021, 11:45:09 PM
/style.css|1/27/2021, 11:45:09 PM
/index1.js|1/27/2021, 11:45:09 PM
/neoland.svg|1/27/2021, 11:45:09 PM
/favicon.ico|1/27/2021, 11:45:09 PM
/cursos|1/27/2021, 11:45:10 PM
/style.css|1/27/2021, 11:45:10 PM
/index1.js|1/27/2021, 11:45:10 PM
/cursos.js|1/27/2021, 11:45:10 PM
/neoland.svg|1/27/2021, 11:45:10 PM
/favicon.ico|1/27/2021, 11:45:10 PM
/|1/27/2021, 11:46:59 PM
/style.css|1/27/2021, 11:46:59 PM
/index1.js|1/27/2021, 11:46:59 PM
/log.js|1/27/2021, 11:46:59 PM
/neoland.svg|1/27/2021, 11:46:59 PM
/favicon.ico|1/27/2021, 11:46:59 PM
/cursos|1/27/2021, 11:47:03 PM
/style.css|1/27/2021, 11:47:03 PM
/index1.js|1/27/2021, 11:47:03 PM
/cursos.js|1/27/2021, 11:47:03 PM
/neoland.svg|1/27/2021, 11:47:03 PM
/favicon.ico|1/27/2021, 11:47:03 PM
/|1/27/2021, 11:48:06 PM
/style.css|1/27/2021, 11:48:06 PM
/index1.js|1/27/2021, 11:48:06 PM
/log.js|1/27/2021, 11:48:06 PM
/neoland.svg|1/27/2021, 11:48:06 PM
/favicon.ico|1/27/2021, 11:48:07 PM
/cursos|1/27/2021, 11:48:08 PM
/style.css|1/27/2021, 11:48:08 PM
/index1.js|1/27/2021, 11:48:08 PM
/cursos.js|1/27/2021, 11:48:08 PM
/neoland.svg|1/27/2021, 11:48:08 PM
/favicon.ico|1/27/2021, 11:48:08 PM
/blog|1/27/2021, 11:48:24 PM
/style.css|1/27/2021, 11:48:24 PM
/index1.js|1/27/2021, 11:48:24 PM
/neoland.svg|1/27/2021, 11:48:24 PM
/favicon.ico|1/27/2021, 11:48:24 PM
/empresas|1/27/2021, 11:48:25 PM
/style.css|1/27/2021, 11:48:25 PM
/index1.js|1/27/2021, 11:48:25 PM
/neoland.svg|1/27/2021, 11:48:25 PM
/favicon.ico|1/27/2021, 11:48:25 PM
/alumnos|1/27/2021, 11:48:26 PM
/style.css|1/27/2021, 11:48:26 PM
/index1.js|1/27/2021, 11:48:26 PM
/neoland.svg|1/27/2021, 11:48:26 PM
/favicon.ico|1/27/2021, 11:48:26 PM
/empleo|1/27/2021, 11:48:26 PM
/style.css|1/27/2021, 11:48:26 PM
/index1.js|1/27/2021, 11:48:26 PM
/neoland.svg|1/27/2021, 11:48:26 PM
/favicon.ico|1/27/2021, 11:48:26 PM
/cursos|1/27/2021, 11:48:28 PM
/style.css|1/27/2021, 11:48:28 PM
/index1.js|1/27/2021, 11:48:28 PM
/cursos.js|1/27/2021, 11:48:28 PM
/neoland.svg|1/27/2021, 11:48:28 PM
/favicon.ico|1/27/2021, 11:48:28 PM
/online|1/27/2021, 11:48:30 PM
/style.css|1/27/2021, 11:48:30 PM
/index1.js|1/27/2021, 11:48:30 PM
/neoland.svg|1/27/2021, 11:48:30 PM
/favicon.ico|1/27/2021, 11:48:30 PM
/|1/29/2021, 4:34:59 PM
/style.css|1/29/2021, 4:34:59 PM
/index1.js|1/29/2021, 4:34:59 PM
/log.js|1/29/2021, 4:34:59 PM
/neoland.svg|1/29/2021, 4:34:59 PM
/favicon.ico|1/29/2021, 4:35:00 PM
/cursos|1/29/2021, 4:35:08 PM
/style.css|1/29/2021, 4:35:08 PM
/index1.js|1/29/2021, 4:35:08 PM
/cursos.js|1/29/2021, 4:35:08 PM
/neoland.svg|1/29/2021, 4:35:08 PM
/favicon.ico|1/29/2021, 4:35:08 PM
/empleo|1/29/2021, 4:35:09 PM
/style.css|1/29/2021, 4:35:09 PM
/index1.js|1/29/2021, 4:35:09 PM
/neoland.svg|1/29/2021, 4:35:09 PM
/favicon.ico|1/29/2021, 4:35:09 PM
/alumnos|1/29/2021, 4:35:10 PM
/style.css|1/29/2021, 4:35:10 PM
/index1.js|1/29/2021, 4:35:10 PM
/neoland.svg|1/29/2021, 4:35:10 PM
/favicon.ico|1/29/2021, 4:35:10 PM
/blog|1/29/2021, 4:35:12 PM
/style.css|1/29/2021, 4:35:12 PM
/index1.js|1/29/2021, 4:35:12 PM
/neoland.svg|1/29/2021, 4:35:12 PM
/favicon.ico|1/29/2021, 4:35:12 PM
/online|1/29/2021, 4:35:13 PM
/style.css|1/29/2021, 4:35:13 PM
/index1.js|1/29/2021, 4:35:13 PM
/neoland.svg|1/29/2021, 4:35:13 PM
/favicon.ico|1/29/2021, 4:35:13 PM
/contactar|1/29/2021, 4:35:13 PM
/style.css|1/29/2021, 4:35:14 PM
/index1.js|1/29/2021, 4:35:14 PM
/neoland.svg|1/29/2021, 4:35:14 PM
/favicon.ico|1/29/2021, 4:35:14 PM
/empresas|1/29/2021, 4:35:18 PM
/style.css|1/29/2021, 4:35:18 PM
/index1.js|1/29/2021, 4:35:18 PM
/neoland.svg|1/29/2021, 4:35:18 PM
/favicon.ico|1/29/2021, 4:35:18 PM
/home|1/29/2021, 4:35:20 PM
/style.css|1/29/2021, 4:35:20 PM
/index1.js|1/29/2021, 4:35:20 PM
/log.js|1/29/2021, 4:35:20 PM
/neoland.svg|1/29/2021, 4:35:20 PM
/favicon.ico|1/29/2021, 4:35:20 PM
/cursos|1/29/2021, 4:35:21 PM
/style.css|1/29/2021, 4:35:21 PM
/index1.js|1/29/2021, 4:35:21 PM
/cursos.js|1/29/2021, 4:35:21 PM
/neoland.svg|1/29/2021, 4:35:21 PM
/favicon.ico|1/29/2021, 4:35:21 PM
/|1/29/2021, 6:13:11 PM
/style.css|1/29/2021, 6:13:11 PM
/index1.js|1/29/2021, 6:13:11 PM
/log.js|1/29/2021, 6:13:11 PM
/neoland.svg|1/29/2021, 6:13:11 PM
/favicon.ico|1/29/2021, 6:13:11 PM
/cursos|1/29/2021, 6:13:15 PM
/style.css|1/29/2021, 6:13:15 PM
/index1.js|1/29/2021, 6:13:15 PM
/cursos.js|1/29/2021, 6:13:15 PM
/neoland.svg|1/29/2021, 6:13:15 PM
/favicon.ico|1/29/2021, 6:13:15 PM
/|1/29/2021, 6:14:50 PM
/style.css|1/29/2021, 6:14:50 PM
/index1.js|1/29/2021, 6:14:50 PM
/log.js|1/29/2021, 6:14:50 PM
/neoland.svg|1/29/2021, 6:14:50 PM
/favicon.ico|1/29/2021, 6:14:50 PM
/cursos|1/29/2021, 6:14:52 PM
/style.css|1/29/2021, 6:14:52 PM
/index1.js|1/29/2021, 6:14:52 PM
/cursos.js|1/29/2021, 6:14:52 PM
/neoland.svg|1/29/2021, 6:14:52 PM
/favicon.ico|1/29/2021, 6:14:52 PM
/|1/29/2021, 6:15:59 PM
/style.css|1/29/2021, 6:15:59 PM
/index1.js|1/29/2021, 6:15:59 PM
/log.js|1/29/2021, 6:15:59 PM
/neoland.svg|1/29/2021, 6:15:59 PM
/favicon.ico|1/29/2021, 6:15:59 PM
/cursos|1/29/2021, 6:16:01 PM
/style.css|1/29/2021, 6:16:01 PM
/index1.js|1/29/2021, 6:16:01 PM
/cursos.js|1/29/2021, 6:16:01 PM
/neoland.svg|1/29/2021, 6:16:01 PM
/favicon.ico|1/29/2021, 6:16:01 PM
/cursos|1/29/2021, 6:16:10 PM
/style.css|1/29/2021, 6:16:10 PM
/index1.js|1/29/2021, 6:16:10 PM
/cusos.js|1/29/2021, 6:16:10 PM
/neoland.svg|1/29/2021, 6:16:10 PM
/favicon.ico|1/29/2021, 6:16:10 PM
/cursos|1/29/2021, 6:16:11 PM
/style.css|1/29/2021, 6:16:11 PM
/index1.js|1/29/2021, 6:16:11 PM
/cusos.js|1/29/2021, 6:16:11 PM
/neoland.svg|1/29/2021, 6:16:11 PM
/favicon.ico|1/29/2021, 6:16:11 PM
/cursos|1/29/2021, 6:16:15 PM
/style.css|1/29/2021, 6:16:15 PM
/index1.js|1/29/2021, 6:16:15 PM
/cursos.js|1/29/2021, 6:16:15 PM
/neoland.svg|1/29/2021, 6:16:15 PM
/favicon.ico|1/29/2021, 6:16:15 PM
/cursos|1/29/2021, 6:17:14 PM
/style.css|1/29/2021, 6:17:14 PM
/index1.js|1/29/2021, 6:17:14 PM
/cursos.js|1/29/2021, 6:17:14 PM
/neoland.svg|1/29/2021, 6:17:14 PM
/favicon.ico|1/29/2021, 6:17:14 PM
/cursos|1/29/2021, 6:17:14 PM
/style.css|1/29/2021, 6:17:14 PM
/index1.js|1/29/2021, 6:17:14 PM
/cursos.js|1/29/2021, 6:17:14 PM
/neoland.svg|1/29/2021, 6:17:14 PM
/favicon.ico|1/29/2021, 6:17:14 PM