
/baloncesto.html|1/19/2021, 11:37:35 PM
/style/style.css|1/19/2021, 11:37:35 PM
/src/index1.js|1/19/2021, 11:37:35 PM
/images/Marca-logo.png|1/19/2021, 11:37:35 PM
/images/baloncesto.png|1/19/2021, 11:37:35 PM
/favicon.ico|1/19/2021, 11:37:35 PM
/motor.html|1/19/2021, 11:37:39 PM
/style/style.css|1/19/2021, 11:37:39 PM
/src/index1.js|1/19/2021, 11:37:39 PM
/images/Marca-logo.png|1/19/2021, 11:37:39 PM
/images/motor.png|1/19/2021, 11:37:39 PM
/favicon.ico|1/19/2021, 11:37:39 PM
/polideportivo.html|1/19/2021, 11:37:40 PM
/style/style.css|1/19/2021, 11:37:40 PM
/src/index1.js|1/19/2021, 11:37:40 PM
/images/Marca-logo.png|1/19/2021, 11:37:40 PM
/images/polideportivo.png|1/19/2021, 11:37:40 PM
/favicon.ico|1/19/2021, 11:37:40 PM
/coches.html|1/19/2021, 11:37:41 PM
/style/style.css|1/19/2021, 11:37:41 PM
/src/index1.js|1/19/2021, 11:37:41 PM
/images/Marca-logo.png|1/19/2021, 11:37:41 PM
/images/coches.png|1/19/2021, 11:37:41 PM
/favicon.ico|1/19/2021, 11:37:41 PM
/mas.html|1/19/2021, 11:37:42 PM
/style/style.css|1/19/2021, 11:37:42 PM
/src/index1.js|1/19/2021, 11:37:42 PM
/images/Marca-logo.png|1/19/2021, 11:37:42 PM
/images/mas.png|1/19/2021, 11:37:42 PM
/favicon.ico|1/19/2021, 11:37:42 PM
/polideportivo.html|1/19/2021, 11:37:44 PM
/style/style.css|1/19/2021, 11:37:44 PM
/src/index1.js|1/19/2021, 11:37:44 PM
/images/Marca-logo.png|1/19/2021, 11:37:44 PM
/images/polideportivo.png|1/19/2021, 11:37:44 PM
/favicon.ico|1/19/2021, 11:37:44 PM
/baloncesto.html|1/19/2021, 11:37:49 PM
/style/style.css|1/19/2021, 11:37:49 PM
/src/index1.js|1/19/2021, 11:37:49 PM
/images/Marca-logo.png|1/19/2021, 11:37:49 PM
/images/baloncesto.png|1/19/2021, 11:37:49 PM
/favicon.ico|1/19/2021, 11:37:49 PM
/futbol.html|1/19/2021, 11:37:50 PM
/style/style.css|1/19/2021, 11:37:50 PM
/src/index1.js|1/19/2021, 11:37:50 PM
/images/Marca-logo.png|1/19/2021, 11:37:50 PM
/images/futbol.png|1/19/2021, 11:37:50 PM
/favicon.ico|1/19/2021, 11:37:50 PM
/futbol.htmlgggg|1/19/2021, 11:38:01 PM
/style/style.css|1/19/2021, 11:38:01 PM
/src/index1.js|1/19/2021, 11:38:01 PM
/images/Marca-logo.png|1/19/2021, 11:38:01 PM
/images/home.png|1/19/2021, 11:38:01 PM
/favicon.ico|1/19/2021, 11:38:01 PM
/|1/20/2021, 7:53:26 PM
/style/style.css|1/20/2021, 7:53:26 PM
/src/index1.js|1/20/2021, 7:53:26 PM
/images/Marca-logo.png|1/20/2021, 7:53:26 PM
/images/home.png|1/20/2021, 7:53:26 PM
/favicon.ico|1/20/2021, 7:53:26 PM
/futbol.html|1/20/2021, 7:53:31 PM
/style/style.css|1/20/2021, 7:53:31 PM
/src/index1.js|1/20/2021, 7:53:31 PM
/images/Marca-logo.png|1/20/2021, 7:53:31 PM
/images/futbol.png|1/20/2021, 7:53:31 PM
/favicon.ico|1/20/2021, 7:53:31 PM
/baloncesto.html|1/20/2021, 7:53:33 PM
/style/style.css|1/20/2021, 7:53:33 PM
/src/index1.js|1/20/2021, 7:53:33 PM
/images/Marca-logo.png|1/20/2021, 7:53:33 PM
/images/baloncesto.png|1/20/2021, 7:53:33 PM
/favicon.ico|1/20/2021, 7:53:33 PM
/motor.html|1/20/2021, 7:53:34 PM
/style/style.css|1/20/2021, 7:53:34 PM
/src/index1.js|1/20/2021, 7:53:34 PM
/images/Marca-logo.png|1/20/2021, 7:53:34 PM
/images/motor.png|1/20/2021, 7:53:34 PM
/favicon.ico|1/20/2021, 7:53:34 PM
/polideportivo.html|1/20/2021, 7:53:34 PM
/style/style.css|1/20/2021, 7:53:34 PM
/src/index1.js|1/20/2021, 7:53:34 PM
/images/Marca-logo.png|1/20/2021, 7:53:34 PM
/images/polideportivo.png|1/20/2021, 7:53:34 PM
/favicon.ico|1/20/2021, 7:53:34 PM
/coches.html|1/20/2021, 7:53:35 PM
/style/style.css|1/20/2021, 7:53:35 PM
/src/index1.js|1/20/2021, 7:53:35 PM
/images/Marca-logo.png|1/20/2021, 7:53:35 PM
/images/coches.png|1/20/2021, 7:53:35 PM
/favicon.ico|1/20/2021, 7:53:35 PM
/mas.html|1/20/2021, 7:53:35 PM
/style/style.css|1/20/2021, 7:53:35 PM
/src/index1.js|1/20/2021, 7:53:35 PM
/images/Marca-logo.png|1/20/2021, 7:53:35 PM
/images/mas.png|1/20/2021, 7:53:35 PM
/favicon.ico|1/20/2021, 7:53:35 PM
/|1/20/2021, 9:49:15 PM
/style/style.css|1/20/2021, 9:49:15 PM
/src/index1.js|1/20/2021, 9:49:15 PM
/images/Marca-logo.png|1/20/2021, 9:49:15 PM
/images/home.png|1/20/2021, 9:49:15 PM
/favicon.ico|1/20/2021, 9:49:15 PM
/futbol.html|1/20/2021, 9:49:21 PM
/style/style.css|1/20/2021, 9:49:21 PM
/src/index1.js|1/20/2021, 9:49:21 PM
/images/Marca-logo.png|1/20/2021, 9:49:21 PM
/images/home.png|1/20/2021, 9:49:21 PM
/favicon.ico|1/20/2021, 9:49:21 PM
/baloncesto.html|1/20/2021, 9:49:22 PM
/style/style.css|1/20/2021, 9:49:22 PM
/src/index1.js|1/20/2021, 9:49:22 PM
/images/Marca-logo.png|1/20/2021, 9:49:22 PM
/images/home.png|1/20/2021, 9:49:22 PM
/favicon.ico|1/20/2021, 9:49:22 PM
/home.html|1/20/2021, 9:49:23 PM
/style/style.css|1/20/2021, 9:49:23 PM
/src/index1.js|1/20/2021, 9:49:23 PM
/images/Marca-logo.png|1/20/2021, 9:49:23 PM
/images/home.png|1/20/2021, 9:49:23 PM
/favicon.ico|1/20/2021, 9:49:23 PM
/futbol.html|1/20/2021, 9:49:25 PM
/style/style.css|1/20/2021, 9:49:25 PM
/src/index1.js|1/20/2021, 9:49:25 PM
/images/Marca-logo.png|1/20/2021, 9:49:25 PM
/images/home.png|1/20/2021, 9:49:25 PM
/favicon.ico|1/20/2021, 9:49:25 PM
/home.html|1/20/2021, 9:49:25 PM
/style/style.css|1/20/2021, 9:49:25 PM
/src/index1.js|1/20/2021, 9:49:25 PM
/images/Marca-logo.png|1/20/2021, 9:49:25 PM
/images/home.png|1/20/2021, 9:49:25 PM
/favicon.ico|1/20/2021, 9:49:25 PM
/home.html|1/20/2021, 9:54:54 PM
/|1/20/2021, 9:56:15 PM
/style/style.css|1/20/2021, 9:56:15 PM
/src/index1.js|1/20/2021, 9:56:15 PM
/images/Marca-logo.png|1/20/2021, 9:56:15 PM
/images/home.png|1/20/2021, 9:56:15 PM
/favicon.ico|1/20/2021, 9:56:16 PM
/futbol.html|1/20/2021, 9:56:25 PM
/style/style.css|1/20/2021, 9:56:25 PM
/src/index1.js|1/20/2021, 9:56:25 PM
/images/Marca-logo.png|1/20/2021, 9:56:25 PM
/images/futbol.png|1/20/2021, 9:56:25 PM
/favicon.ico|1/20/2021, 9:56:25 PM
/baloncesto.html|1/20/2021, 9:56:27 PM
/style/style.css|1/20/2021, 9:56:27 PM
/src/index1.js|1/20/2021, 9:56:27 PM
/images/Marca-logo.png|1/20/2021, 9:56:27 PM
/images/baloncesto.png|1/20/2021, 9:56:27 PM
/favicon.ico|1/20/2021, 9:56:27 PM
/motor.html|1/20/2021, 9:56:28 PM
/style/style.css|1/20/2021, 9:56:28 PM
/src/index1.js|1/20/2021, 9:56:28 PM
/images/Marca-logo.png|1/20/2021, 9:56:28 PM
/images/motor.png|1/20/2021, 9:56:28 PM
/favicon.ico|1/20/2021, 9:56:28 PM
/home.html|1/20/2021, 9:56:29 PM
/style/style.css|1/20/2021, 9:56:29 PM
/src/index1.js|1/20/2021, 9:56:29 PM
/images/Marca-logo.png|1/20/2021, 9:56:29 PM
/images/home.png|1/20/2021, 9:56:29 PM
/favicon.ico|1/20/2021, 9:56:29 PM
/polideportivo.html|1/20/2021, 9:56:30 PM
/style/style.css|1/20/2021, 9:56:30 PM
/src/index1.js|1/20/2021, 9:56:30 PM
/images/Marca-logo.png|1/20/2021, 9:56:30 PM
/images/polideportivo.png|1/20/2021, 9:56:30 PM
/favicon.ico|1/20/2021, 9:56:30 PM
/coches.html|1/20/2021, 9:56:31 PM
/style/style.css|1/20/2021, 9:56:31 PM
/src/index1.js|1/20/2021, 9:56:31 PM
/images/Marca-logo.png|1/20/2021, 9:56:31 PM
/images/coches.png|1/20/2021, 9:56:31 PM
/favicon.ico|1/20/2021, 9:56:31 PM
/mas.html|1/20/2021, 9:56:32 PM
/style/style.css|1/20/2021, 9:56:32 PM
/src/index1.js|1/20/2021, 9:56:32 PM
/images/Marca-logo.png|1/20/2021, 9:56:32 PM
/images/mas.png|1/20/2021, 9:56:32 PM
/favicon.ico|1/20/2021, 9:56:32 PM
/home.html|1/20/2021, 9:56:33 PM
/style/style.css|1/20/2021, 9:56:33 PM
/src/index1.js|1/20/2021, 9:56:33 PM
/images/Marca-logo.png|1/20/2021, 9:56:33 PM
/images/home.png|1/20/2021, 9:56:33 PM
/favicon.ico|1/20/2021, 9:56:33 PM
/home.html|1/20/2021, 10:00:04 PM
/style.css|1/20/2021, 10:00:04 PM
/images/Marca-logo.png|1/20/2021, 10:00:04 PM
/images/home.png|1/20/2021, 10:00:04 PM
/index1.js|1/20/2021, 10:00:04 PM
/favicon.ico|1/20/2021, 10:00:04 PM
/home.html|1/20/2021, 10:00:06 PM
/style.css|1/20/2021, 10:00:06 PM
/index1.js|1/20/2021, 10:00:06 PM
/images/Marca-logo.png|1/20/2021, 10:00:06 PM
/images/home.png|1/20/2021, 10:00:06 PM
/favicon.ico|1/20/2021, 10:00:06 PM
/home.html|1/20/2021, 10:00:07 PM
/style.css|1/20/2021, 10:00:07 PM
/index1.js|1/20/2021, 10:00:07 PM
/images/Marca-logo.png|1/20/2021, 10:00:07 PM
/images/home.png|1/20/2021, 10:00:07 PM
/favicon.ico|1/20/2021, 10:00:07 PM
/home.html|1/20/2021, 10:00:07 PM
/style.css|1/20/2021, 10:00:07 PM
/index1.js|1/20/2021, 10:00:07 PM
/images/Marca-logo.png|1/20/2021, 10:00:07 PM
/images/home.png|1/20/2021, 10:00:07 PM
/favicon.ico|1/20/2021, 10:00:08 PM
/home.html|1/20/2021, 10:05:47 PM
/style.css|1/20/2021, 10:06:36 PM
/index1.js|1/20/2021, 10:07:05 PM
/images/Marca-logo.png|1/20/2021, 10:07:23 PM
/images/home.png|1/20/2021, 10:07:33 PM
/|1/20/2021, 10:08:37 PM
/favicon.ico|1/20/2021, 10:08:37 PM
/home.html|1/20/2021, 10:08:44 PM
/style.css|1/20/2021, 10:08:44 PM
/index1.js|1/20/2021, 10:08:44 PM
/images/Marca-logo.png|1/20/2021, 10:08:44 PM
/images/home.png|1/20/2021, 10:08:44 PM
/|1/20/2021, 10:09:54 PM
/home.html|1/20/2021, 10:10:01 PM
/style.css|1/20/2021, 10:10:01 PM
/index1.js|1/20/2021, 10:10:01 PM
/Marca-logo.png|1/20/2021, 10:10:01 PM
/images/home.png|1/20/2021, 10:10:01 PM
/style.css|1/20/2021, 10:11:06 PM
/index1.js|1/20/2021, 10:11:06 PM
/style.css|1/20/2021, 10:11:06 PM
/index1.js|1/20/2021, 10:11:06 PM
/style.css|1/20/2021, 10:11:06 PM
/index1.js|1/20/2021, 10:11:06 PM
/style.css|1/20/2021, 10:11:06 PM
/index1.js|1/20/2021, 10:11:06 PM
/style.css|1/20/2021, 10:11:06 PM
/index1.js|1/20/2021, 10:11:06 PM
/style.css|1/20/2021, 10:11:07 PM
/index1.js|1/20/2021, 10:11:07 PM
/style.css|1/20/2021, 10:11:07 PM
/index1.js|1/20/2021, 10:11:07 PM
/style.css|1/20/2021, 10:11:07 PM
/index1.js|1/20/2021, 10:11:07 PM
/style.css|1/20/2021, 10:11:07 PM
/index1.js|1/20/2021, 10:11:07 PM
/style.css|1/20/2021, 10:11:07 PM
/index1.js|1/20/2021, 10:11:07 PM
/style.css|1/20/2021, 10:11:08 PM
/index1.js|1/20/2021, 10:11:08 PM
/style.css|1/20/2021, 10:11:08 PM
/index1.js|1/20/2021, 10:11:08 PM
/style.css|1/20/2021, 10:11:08 PM
/index1.js|1/20/2021, 10:11:08 PM
/style.css|1/20/2021, 10:11:08 PM
/index1.js|1/20/2021, 10:11:08 PM
/style.css|1/20/2021, 10:11:08 PM
/index1.js|1/20/2021, 10:11:09 PM
/style.css|1/20/2021, 10:11:09 PM
/index1.js|1/20/2021, 10:11:09 PM
/style.css|1/20/2021, 10:11:09 PM
/index1.js|1/20/2021, 10:11:09 PM
/style.css|1/20/2021, 10:11:09 PM
/index1.js|1/20/2021, 10:11:09 PM
/style.css|1/20/2021, 10:11:09 PM
/index1.js|1/20/2021, 10:11:09 PM
/style.css|1/20/2021, 10:11:10 PM
/index1.js|1/20/2021, 10:11:10 PM
/style.css|1/20/2021, 10:11:10 PM
/index1.js|1/20/2021, 10:11:10 PM
/style.css|1/20/2021, 10:11:10 PM
/index1.js|1/20/2021, 10:11:10 PM
/style.css|1/20/2021, 10:11:10 PM
/index1.js|1/20/2021, 10:11:10 PM
/style.css|1/20/2021, 10:11:10 PM
/index1.js|1/20/2021, 10:11:10 PM
/style.css|1/20/2021, 10:11:11 PM
/index1.js|1/20/2021, 10:11:11 PM
/style.css|1/20/2021, 10:11:11 PM
/index1.js|1/20/2021, 10:11:11 PM
/style.css|1/20/2021, 10:11:11 PM
/index1.js|1/20/2021, 10:11:11 PM
/style.css|1/20/2021, 10:11:11 PM
/index1.js|1/20/2021, 10:11:11 PM
/|1/20/2021, 10:12:09 PM
/futbol.html|1/20/2021, 10:12:16 PM
/style/style.css|1/20/2021, 10:12:16 PM
/src/index1.js|1/20/2021, 10:12:16 PM
/images/futbol.png|1/20/2021, 10:12:16 PM
/images/Marca-logo.png|1/20/2021, 10:12:16 PM
/home.html|1/20/2021, 10:12:25 PM
/style.css|1/20/2021, 10:12:25 PM
/index1.js|1/20/2021, 10:12:25 PM
/images/home.png|1/20/2021, 10:12:25 PM
/images/Marca-logo.png|1/20/2021, 10:12:25 PM
/|1/20/2021, 10:13:26 PM
/home.html|1/20/2021, 10:13:30 PM
/style.css|1/20/2021, 10:13:30 PM
/index1.js|1/20/2021, 10:13:30 PM
/images/Marca-logo.png|1/20/2021, 10:13:30 PM
/images/home.png|1/20/2021, 10:13:30 PM
/home.html|1/20/2021, 10:14:10 PM
/style.css|1/20/2021, 10:14:10 PM
/index1.js|1/20/2021, 10:14:10 PM
/images/Marca-logo.png|1/20/2021, 10:14:10 PM
/images/home.png|1/20/2021, 10:14:10 PM
/home.html|1/20/2021, 10:15:22 PM
/style.css|1/20/2021, 10:15:28 PM
/home.html|1/20/2021, 10:17:12 PM
/style.css|1/20/2021, 10:17:17 PM
/Marca-logo.png|1/20/2021, 10:17:18 PM
/index1.js|1/20/2021, 10:17:37 PM
/images/home.png|1/20/2021, 10:18:31 PM
/favicon.ico|1/20/2021, 10:18:32 PM
/|1/20/2021, 10:19:48 PM
/futbol.html|1/20/2021, 10:19:52 PM
/style/style.css|1/20/2021, 10:19:52 PM
/src/index1.js|1/20/2021, 10:19:52 PM
/images/Marca-logo.png|1/20/2021, 10:19:52 PM
/images/futbol.png|1/20/2021, 10:19:52 PM
/home.html|1/20/2021, 10:19:53 PM
/style.css|1/20/2021, 10:19:53 PM
/index1.js|1/20/2021, 10:19:53 PM
/Marca-logo.png|1/20/2021, 10:19:53 PM
/home.png|1/20/2021, 10:19:53 PM
/home.html|1/20/2021, 10:20:41 PM
/style.css|1/20/2021, 10:20:41 PM
/index1.js|1/20/2021, 10:20:41 PM
/Marca-logo.png|1/20/2021, 10:20:41 PM
/home.png|1/20/2021, 10:20:41 PM
/baloncesto.html|1/20/2021, 10:20:46 PM
/style/style.css|1/20/2021, 10:20:46 PM
/images/baloncesto.png|1/20/2021, 10:20:46 PM
/src/index1.js|1/20/2021, 10:20:46 PM
/images/Marca-logo.png|1/20/2021, 10:20:46 PM
/|1/20/2021, 10:23:13 PM
/|1/20/2021, 10:23:35 PM
/|1/20/2021, 10:23:45 PM
/|1/20/2021, 10:24:17 PM
/ffff|1/20/2021, 10:24:24 PM
/home.html|1/20/2021, 10:24:30 PM
/style.css|1/20/2021, 10:24:30 PM
/index1.js|1/20/2021, 10:24:30 PM
/Marca-logo.png|1/20/2021, 10:24:30 PM
/home.png|1/20/2021, 10:24:30 PM
/futbol.html|1/20/2021, 10:24:31 PM
/style.css|1/20/2021, 10:24:31 PM
/index1.js|1/20/2021, 10:24:31 PM
/Marca-logo.png|1/20/2021, 10:24:31 PM
/futbol.png|1/20/2021, 10:24:31 PM
/baloncesto.html|1/20/2021, 10:24:33 PM
/style.css|1/20/2021, 10:24:33 PM
/index1.js|1/20/2021, 10:24:33 PM
/Marca-logo.png|1/20/2021, 10:24:33 PM
/baloncesto.png|1/20/2021, 10:24:33 PM
/motor.html|1/20/2021, 10:24:35 PM
/style.css|1/20/2021, 10:24:35 PM
/index1.js|1/20/2021, 10:24:35 PM
/Marca-logo.png|1/20/2021, 10:24:35 PM
/motor.png|1/20/2021, 10:24:35 PM
/polideportivo.html|1/20/2021, 10:24:36 PM
/style.css|1/20/2021, 10:24:36 PM
/index1.js|1/20/2021, 10:24:36 PM
/Marca-logo.png|1/20/2021, 10:24:36 PM
/polideportivo.png|1/20/2021, 10:24:36 PM
/coches.html|1/20/2021, 10:24:38 PM
/style.css|1/20/2021, 10:24:38 PM
/index1.js|1/20/2021, 10:24:38 PM
/Marca-logo.png|1/20/2021, 10:24:38 PM
/coches.png|1/20/2021, 10:24:38 PM
/mas.html|1/20/2021, 10:24:39 PM
/style.css|1/20/2021, 10:24:39 PM
/index1.js|1/20/2021, 10:24:39 PM
/Marca-logo.png|1/20/2021, 10:24:39 PM
/mas.png|1/20/2021, 10:24:39 PM
/home.html|1/20/2021, 10:24:40 PM
/style.css|1/20/2021, 10:24:40 PM
/index1.js|1/20/2021, 10:24:40 PM
/Marca-logo.png|1/20/2021, 10:24:40 PM
/home.png|1/20/2021, 10:24:40 PM
/coches.html|1/20/2021, 10:24:41 PM
/style.css|1/20/2021, 10:24:41 PM
/index1.js|1/20/2021, 10:24:41 PM
/Marca-logo.png|1/20/2021, 10:24:41 PM
/coches.png|1/20/2021, 10:24:41 PM
/home.html|1/20/2021, 10:24:42 PM
/style.css|1/20/2021, 10:24:42 PM
/index1.js|1/20/2021, 10:24:42 PM
/Marca-logo.png|1/20/2021, 10:24:42 PM
/home.png|1/20/2021, 10:24:42 PM
/futbol.html|1/20/2021, 10:24:43 PM
/style.css|1/20/2021, 10:24:43 PM
/index1.js|1/20/2021, 10:24:43 PM
/Marca-logo.png|1/20/2021, 10:24:43 PM
/futbol.png|1/20/2021, 10:24:43 PM
/futbol.html|1/20/2021, 10:24:45 PM
/style.css|1/20/2021, 10:24:45 PM
/index1.js|1/20/2021, 10:24:45 PM
/Marca-logo.png|1/20/2021, 10:24:45 PM
/futbol.png|1/20/2021, 10:24:45 PM
/home.html|1/20/2021, 10:24:45 PM
/style.css|1/20/2021, 10:24:45 PM
/index1.js|1/20/2021, 10:24:45 PM
/Marca-logo.png|1/20/2021, 10:24:45 PM
/home.png|1/20/2021, 10:24:45 PM
/home.html|1/20/2021, 10:24:45 PM
/style.css|1/20/2021, 10:24:45 PM
/index1.js|1/20/2021, 10:24:45 PM
/Marca-logo.png|1/20/2021, 10:24:45 PM
/home.png|1/20/2021, 10:24:45 PM
/|1/20/2021, 10:25:52 PM
/style.css|1/20/2021, 10:25:52 PM
/index1.js|1/20/2021, 10:25:52 PM
/Marca-logo.png|1/20/2021, 10:25:52 PM
/home.png|1/20/2021, 10:25:52 PM
/kgkmgkgmvgkvgmg|1/20/2021, 10:25:58 PM
/style.css|1/20/2021, 10:25:58 PM
/index1.js|1/20/2021, 10:25:58 PM
/Marca-logo.png|1/20/2021, 10:25:58 PM
/home.png|1/20/2021, 10:25:58 PM
/futbol.html|1/20/2021, 10:26:01 PM
/style.css|1/20/2021, 10:26:01 PM
/index1.js|1/20/2021, 10:26:01 PM
/Marca-logo.png|1/20/2021, 10:26:01 PM
/futbol.png|1/20/2021, 10:26:01 PM
/futbol.htmlsssssss|1/20/2021, 10:26:03 PM
/style.css|1/20/2021, 10:26:03 PM
/index1.js|1/20/2021, 10:26:03 PM
/Marca-logo.png|1/20/2021, 10:26:03 PM
/home.png|1/20/2021, 10:26:03 PM
/baloncesto.html|1/20/2021, 10:26:05 PM
/style.css|1/20/2021, 10:26:05 PM
/index1.js|1/20/2021, 10:26:05 PM
/Marca-logo.png|1/20/2021, 10:26:05 PM
/baloncesto.png|1/20/2021, 10:26:05 PM
/motor.html|1/20/2021, 10:26:05 PM
/style.css|1/20/2021, 10:26:05 PM
/index1.js|1/20/2021, 10:26:05 PM
/Marca-logo.png|1/20/2021, 10:26:05 PM
/motor.png|1/20/2021, 10:26:05 PM
/polideportivo.html|1/20/2021, 10:26:05 PM
/style.css|1/20/2021, 10:26:05 PM
/index1.js|1/20/2021, 10:26:05 PM
/Marca-logo.png|1/20/2021, 10:26:05 PM
/polideportivo.png|1/20/2021, 10:26:05 PM
/|1/25/2021, 7:46:08 PM
/style.css|1/25/2021, 7:46:08 PM
/index1.js|1/25/2021, 7:46:08 PM
/Marca-logo.png|1/25/2021, 7:46:08 PM
/home.png|1/25/2021, 7:46:08 PM
/favicon.ico|1/25/2021, 7:46:09 PM
/polideportivo.html|1/25/2021, 7:46:10 PM
/style.css|1/25/2021, 7:46:10 PM
/index1.js|1/25/2021, 7:46:10 PM
/Marca-logo.png|1/25/2021, 7:46:10 PM
/polideportivo.png|1/25/2021, 7:46:10 PM
/favicon.ico|1/25/2021, 7:46:10 PM
/motor.html|1/25/2021, 7:46:11 PM
/style.css|1/25/2021, 7:46:11 PM
/index1.js|1/25/2021, 7:46:11 PM
/Marca-logo.png|1/25/2021, 7:46:11 PM
/motor.png|1/25/2021, 7:46:11 PM
/favicon.ico|1/25/2021, 7:46:11 PM
/baloncesto.html|1/25/2021, 7:46:12 PM
/style.css|1/25/2021, 7:46:12 PM
/index1.js|1/25/2021, 7:46:12 PM
/Marca-logo.png|1/25/2021, 7:46:12 PM
/baloncesto.png|1/25/2021, 7:46:12 PM
/favicon.ico|1/25/2021, 7:46:12 PM
/futbol.html|1/25/2021, 7:46:12 PM
/style.css|1/25/2021, 7:46:12 PM
/index1.js|1/25/2021, 7:46:12 PM
/Marca-logo.png|1/25/2021, 7:46:12 PM
/futbol.png|1/25/2021, 7:46:12 PM
/favicon.ico|1/25/2021, 7:46:12 PM
/coches.html|1/25/2021, 7:46:13 PM
/style.css|1/25/2021, 7:46:13 PM
/index1.js|1/25/2021, 7:46:13 PM
/Marca-logo.png|1/25/2021, 7:46:13 PM
/coches.png|1/25/2021, 7:46:13 PM
/favicon.ico|1/25/2021, 7:46:13 PM
/mas.html|1/25/2021, 7:46:14 PM
/style.css|1/25/2021, 7:46:14 PM
/index1.js|1/25/2021, 7:46:14 PM
/Marca-logo.png|1/25/2021, 7:46:14 PM
/mas.png|1/25/2021, 7:46:14 PM
/favicon.ico|1/25/2021, 7:46:14 PM
/home.html|1/25/2021, 7:46:14 PM
/style.css|1/25/2021, 7:46:14 PM
/index1.js|1/25/2021, 7:46:14 PM
/Marca-logo.png|1/25/2021, 7:46:14 PM
/home.png|1/25/2021, 7:46:14 PM
/favicon.ico|1/25/2021, 7:46:14 PM
/|15/2/2021 21:04:44
/style.css|15/2/2021 21:04:44
/index1.js|15/2/2021 21:04:44
/Marca-logo.png|15/2/2021 21:04:44
/home.png|15/2/2021 21:04:44
/favicon.ico|15/2/2021 21:04:45
/futbol.html|15/2/2021 21:04:47
/style.css|15/2/2021 21:04:47
/index1.js|15/2/2021 21:04:47
/Marca-logo.png|15/2/2021 21:04:47
/futbol.png|15/2/2021 21:04:47
/favicon.ico|15/2/2021 21:04:47
/baloncesto.html|15/2/2021 21:04:47
/style.css|15/2/2021 21:04:48
/index1.js|15/2/2021 21:04:48
/Marca-logo.png|15/2/2021 21:04:48
/baloncesto.png|15/2/2021 21:04:48
/favicon.ico|15/2/2021 21:04:48
/motor.html|15/2/2021 21:04:48
/style.css|15/2/2021 21:04:48
/index1.js|15/2/2021 21:04:48
/Marca-logo.png|15/2/2021 21:04:48
/motor.png|15/2/2021 21:04:48
/favicon.ico|15/2/2021 21:04:48
/polideportivo.html|15/2/2021 21:04:49
/style.css|15/2/2021 21:04:49
/index1.js|15/2/2021 21:04:49
/Marca-logo.png|15/2/2021 21:04:49
/polideportivo.png|15/2/2021 21:04:49
/favicon.ico|15/2/2021 21:04:49
/coches.html|15/2/2021 21:04:49
/style.css|15/2/2021 21:04:49
/index1.js|15/2/2021 21:04:49
/Marca-logo.png|15/2/2021 21:04:49
/coches.png|15/2/2021 21:04:49
/favicon.ico|15/2/2021 21:04:49
/mas.html|15/2/2021 21:04:50
/style.css|15/2/2021 21:04:50
/index1.js|15/2/2021 21:04:50
/Marca-logo.png|15/2/2021 21:04:50
/mas.png|15/2/2021 21:04:50
/favicon.ico|15/2/2021 21:04:50
/home.html|15/2/2021 21:04:51
/style.css|15/2/2021 21:04:51
/index1.js|15/2/2021 21:04:51
/Marca-logo.png|15/2/2021 21:04:51
/home.png|15/2/2021 21:04:51
/favicon.ico|15/2/2021 21:04:51
/motor.html|15/2/2021 21:04:53
/style.css|15/2/2021 21:04:53
/index1.js|15/2/2021 21:04:53
/motor.png|15/2/2021 21:04:53
/Marca-logo.png|15/2/2021 21:04:53
/favicon.ico|15/2/2021 21:04:53
/motor.html|15/2/2021 21:04:53
/style.css|15/2/2021 21:04:53
/index1.js|15/2/2021 21:04:53
/Marca-logo.png|15/2/2021 21:04:53
/motor.png|15/2/2021 21:04:53
/favicon.ico|15/2/2021 21:04:53
/baloncesto.html|15/2/2021 21:04:54
/style.css|15/2/2021 21:04:54
/index1.js|15/2/2021 21:04:54
/Marca-logo.png|15/2/2021 21:04:54
/baloncesto.png|15/2/2021 21:04:54
/favicon.ico|15/2/2021 21:04:54
/futbol.html|15/2/2021 21:04:54
/style.css|15/2/2021 21:04:54
/index1.js|15/2/2021 21:04:54
/Marca-logo.png|15/2/2021 21:04:54
/futbol.png|15/2/2021 21:04:54
/favicon.ico|15/2/2021 21:04:54
/futbol|15/2/2021 21:04:58
/style.css|15/2/2021 21:04:58
/index1.js|15/2/2021 21:04:58
/Marca-logo.png|15/2/2021 21:04:58
/home.png|15/2/2021 21:04:58
/favicon.ico|15/2/2021 21:04:58
/baloncesto.html|15/2/2021 21:05:05
/style.css|15/2/2021 21:05:05
/index1.js|15/2/2021 21:05:05
/Marca-logo.png|15/2/2021 21:05:05
/baloncesto.png|15/2/2021 21:05:05
/favicon.ico|15/2/2021 21:05:05
/baloncesto|15/2/2021 21:05:10
/style.css|15/2/2021 21:05:10
/index1.js|15/2/2021 21:05:10
/Marca-logo.png|15/2/2021 21:05:10
/home.png|15/2/2021 21:05:10
/favicon.ico|15/2/2021 21:05:10
/baloncesto.html|15/2/2021 21:05:14
/style.css|15/2/2021 21:05:14
/index1.js|15/2/2021 21:05:14
/Marca-logo.png|15/2/2021 21:05:14
/baloncesto.png|15/2/2021 21:05:14
/favicon.ico|15/2/2021 21:05:14
/home.html|15/2/2021 21:05:16
/style.css|15/2/2021 21:05:16
/index1.js|15/2/2021 21:05:16
/Marca-logo.png|15/2/2021 21:05:16
/home.png|15/2/2021 21:05:16
/favicon.ico|15/2/2021 21:05:16
/home.html|15/2/2021 21:05:16
/style.css|15/2/2021 21:05:16
/index1.js|15/2/2021 21:05:16
/Marca-logo.png|15/2/2021 21:05:16
/home.png|15/2/2021 21:05:16
/favicon.ico|15/2/2021 21:05:17
/polideportivo.html|15/2/2021 21:05:17
/style.css|15/2/2021 21:05:17
/index1.js|15/2/2021 21:05:17
/Marca-logo.png|15/2/2021 21:05:17
/polideportivo.png|15/2/2021 21:05:17
/favicon.ico|15/2/2021 21:05:17
/polideportivo.htmlxwxwxwxw|15/2/2021 21:05:20
/style.css|15/2/2021 21:05:20
/index1.js|15/2/2021 21:05:20
/Marca-logo.png|15/2/2021 21:05:20
/home.png|15/2/2021 21:05:20
/favicon.ico|15/2/2021 21:05:20
/home.html|15/2/2021 21:05:22
/style.css|15/2/2021 21:05:22
/index1.js|15/2/2021 21:05:22
/Marca-logo.png|15/2/2021 21:05:22
/home.png|15/2/2021 21:05:22
/favicon.ico|15/2/2021 21:05:22
/coches.html|15/2/2021 21:05:23
/style.css|15/2/2021 21:05:23
/index1.js|15/2/2021 21:05:23
/Marca-logo.png|15/2/2021 21:05:23
/coches.png|15/2/2021 21:05:23
/favicon.ico|15/2/2021 21:05:23
/mas.html|15/2/2021 21:05:23
/style.css|15/2/2021 21:05:23
/index1.js|15/2/2021 21:05:23
/Marca-logo.png|15/2/2021 21:05:23
/mas.png|15/2/2021 21:05:23
/favicon.ico|15/2/2021 21:05:23
/polideportivo.html|15/2/2021 21:05:24
/style.css|15/2/2021 21:05:24
/index1.js|15/2/2021 21:05:24
/Marca-logo.png|15/2/2021 21:05:24
/polideportivo.png|15/2/2021 21:05:24
/favicon.ico|15/2/2021 21:05:24
/motor.html|15/2/2021 21:05:26
/style.css|15/2/2021 21:05:26
/index1.js|15/2/2021 21:05:26
/Marca-logo.png|15/2/2021 21:05:26
/motor.png|15/2/2021 21:05:26
/favicon.ico|15/2/2021 21:05:26
/baloncesto.html|15/2/2021 21:05:33
/style.css|15/2/2021 21:05:33
/index1.js|15/2/2021 21:05:33
/Marca-logo.png|15/2/2021 21:05:33
/baloncesto.png|15/2/2021 21:05:33
/favicon.ico|15/2/2021 21:05:33
/futbol.html|15/2/2021 21:05:35
/style.css|15/2/2021 21:05:35
/index1.js|15/2/2021 21:05:35
/Marca-logo.png|15/2/2021 21:05:35
/futbol.png|15/2/2021 21:05:35
/favicon.ico|15/2/2021 21:05:35
/motor.html|15/2/2021 21:05:36
/style.css|15/2/2021 21:05:36
/index1.js|15/2/2021 21:05:36
/Marca-logo.png|15/2/2021 21:05:36
/motor.png|15/2/2021 21:05:36
/favicon.ico|15/2/2021 21:05:36
/polideportivo.html|15/2/2021 21:05:37
/style.css|15/2/2021 21:05:37
/index1.js|15/2/2021 21:05:37
/Marca-logo.png|15/2/2021 21:05:37
/polideportivo.png|15/2/2021 21:05:37
/favicon.ico|15/2/2021 21:05:37
/coches.html|15/2/2021 21:05:37
/style.css|15/2/2021 21:05:37
/index1.js|15/2/2021 21:05:37
/Marca-logo.png|15/2/2021 21:05:37
/coches.png|15/2/2021 21:05:37
/favicon.ico|15/2/2021 21:05:37
/mas.html|15/2/2021 21:05:37
/style.css|15/2/2021 21:05:37
/index1.js|15/2/2021 21:05:37
/Marca-logo.png|15/2/2021 21:05:37
/mas.png|15/2/2021 21:05:37
/favicon.ico|15/2/2021 21:05:37
/coches.html|15/2/2021 21:05:57
/style.css|15/2/2021 21:05:57
/index1.js|15/2/2021 21:05:57
/Marca-logo.png|15/2/2021 21:05:57
/coches.png|15/2/2021 21:05:57
/favicon.ico|15/2/2021 21:05:57
/polideportivo.html|15/2/2021 21:05:58
/style.css|15/2/2021 21:05:58
/index1.js|15/2/2021 21:05:58
/Marca-logo.png|15/2/2021 21:05:58
/polideportivo.png|15/2/2021 21:05:58
/favicon.ico|15/2/2021 21:05:58
/motor.html|15/2/2021 21:05:58
/style.css|15/2/2021 21:05:58
/index1.js|15/2/2021 21:05:58
/Marca-logo.png|15/2/2021 21:05:58
/motor.png|15/2/2021 21:05:58
/favicon.ico|15/2/2021 21:05:58
/baloncesto.html|15/2/2021 21:05:59
/style.css|15/2/2021 21:05:59
/index1.js|15/2/2021 21:05:59
/Marca-logo.png|15/2/2021 21:05:59
/baloncesto.png|15/2/2021 21:05:59
/favicon.ico|15/2/2021 21:05:59
/futbol.html|15/2/2021 21:05:59
/style.css|15/2/2021 21:05:59
/index1.js|15/2/2021 21:05:59
/Marca-logo.png|15/2/2021 21:05:59
/futbol.png|15/2/2021 21:05:59
/favicon.ico|15/2/2021 21:06:00